[ 2015-09-26T12:30:23+08:00 ] ::1 /xihu/admin.php
INFO: [ app_init ] --START--
INFO: Run Behavior\BuildLiteBehavior [ RunTime:0.000030s ]
INFO: Run Common\Behavior\InitHookBehavior [ RunTime:0.000857s ]
INFO: [ app_init ] --END-- [ RunTime:0.001330s ]
INFO: [ app_begin ] --START--
INFO: Run Behavior\ReadHtmlCacheBehavior [ RunTime:0.000348s ]
INFO: [ app_begin ] --END-- [ RunTime:0.000444s ]

[ 2015-09-26T12:30:23+08:00 ] ::1 /xihu/admin.php?s=/Public/login.html
INFO: [ app_init ] --START--
INFO: Run Behavior\BuildLiteBehavior [ RunTime:0.000021s ]
INFO: Run Common\Behavior\InitHookBehavior [ RunTime:0.000812s ]
INFO: [ app_init ] --END-- [ RunTime:0.001145s ]
INFO: [ app_begin ] --START--
INFO: Run Behavior\ReadHtmlCacheBehavior [ RunTime:0.000368s ]
INFO: [ app_begin ] --END-- [ RunTime:0.000458s ]
SQL: SHOW COLUMNS FROM `xh_config` [ RunTime:0.0026s ]
SQL: SELECT `type`,`name`,`value` FROM `xh_config` WHERE `status` = 1  [ RunTime:0.0007s ]
INFO: [ view_parse ] --START--
INFO: [ template_filter ] --START--
INFO: Run Behavior\ContentReplaceBehavior [ RunTime:0.000079s ]
INFO: [ template_filter ] --END-- [ RunTime:0.000192s ]
INFO: Run Behavior\ParseTemplateBehavior [ RunTime:0.018113s ]
INFO: [ view_parse ] --END-- [ RunTime:0.018341s ]
INFO: [ view_filter ] --START--
INFO: Run Behavior\WriteHtmlCacheBehavior [ RunTime:0.000182s ]
INFO: [ view_filter ] --END-- [ RunTime:0.000278s ]
INFO: [ app_end ] --START--
INFO: Run Behavior\ShowPageTraceBehavior [ RunTime:0.000347s ]
INFO: [ app_end ] --END-- [ RunTime:0.000421s ]

[ 2015-09-26T12:30:23+08:00 ] ::1 /xihu/admin.php?s=/Public/verify.html
INFO: [ app_init ] --START--
INFO: Run Behavior\BuildLiteBehavior [ RunTime:0.000046s ]
INFO: Run Common\Behavior\InitHookBehavior [ RunTime:0.001138s ]
INFO: [ app_init ] --END-- [ RunTime:0.001654s ]
INFO: [ app_begin ] --START--
INFO: Run Behavior\ReadHtmlCacheBehavior [ RunTime:0.000459s ]
INFO: [ app_begin ] --END-- [ RunTime:0.000568s ]
INFO: [ app_end ] --START--
INFO: Run Behavior\ShowPageTraceBehavior [ RunTime:0.000562s ]
INFO: [ app_end ] --END-- [ RunTime:0.000700s ]

[ 2015-09-26T12:30:33+08:00 ] ::1 /xihu/admin.php?s=/Public/login.html
INFO: [ app_init ] --START--
INFO: Run Behavior\BuildLiteBehavior [ RunTime:0.000016s ]
INFO: Run Common\Behavior\InitHookBehavior [ RunTime:0.000759s ]
INFO: [ app_init ] --END-- [ RunTime:0.001029s ]
INFO: [ app_begin ] --START--
INFO: Run Behavior\ReadHtmlCacheBehavior [ RunTime:0.000244s ]
INFO: [ app_begin ] --END-- [ RunTime:0.000302s ]
NOTIC: [8] Undefined index: lite /Users/zhuang/www/xihu/ThinkPHP/Library/Think/Db.class.php 第 37 行.
SQL: SHOW COLUMNS FROM `xh_member` [ RunTime:0.0022s ]
SQL: SELECT `uid`,`nickname`,`sex`,`birthday`,`qq`,`score`,`login`,`reg_ip`,`reg_time`,`last_login_ip`,`last_login_time`,`status` FROM `xh_member` WHERE `uid` = 1 LIMIT 1   [ RunTime:0.0003s ]
SQL: SHOW COLUMNS FROM `xh_action` [ RunTime:0.0022s ]
SQL: SELECT * FROM `xh_action` WHERE `name` = 'user_login' LIMIT 1   [ RunTime:0.0003s ]
SQL: SHOW COLUMNS FROM `xh_member` [ RunTime:0.0023s ]
SQL: SELECT `nickname` FROM `xh_member` WHERE `uid` = 1 LIMIT 1   [ RunTime:0.0011s ]
SQL: SHOW COLUMNS FROM `xh_action_log` [ RunTime:0.0034s ]
SQL: INSERT INTO `xh_action_log` (`action_id`,`user_id`,`action_ip`,`model`,`record_id`,`create_time`,`remark`) VALUES ('1','1','0','member','1','1443241833','admin在2015-09-26 12:30登录了后台') [ RunTime:0.0003s ]
SQL: SELECT * FROM `xh_action` WHERE `name` = 'user_login' LIMIT 1   [ RunTime:0.0002s ]
NOTIC: [8] Undefined offset: 1 /Users/zhuang/www/xihu/Application/Common/Common/function.php 第 679 行.
NOTIC: [2] array_key_exists() expects parameter 2 to be array, null given /Users/zhuang/www/xihu/Application/Common/Common/function.php 第 679 行.
SQL: SELECT COUNT(*) AS tp_count FROM `xh_action_log` WHERE `action_id` = 1 AND `user_id` = 1 AND `create_time` > 1443155433 LIMIT 1   [ RunTime:0.0016s ]
SQL: UPDATE `xh_member` SET `score`=score+10 WHERE ( uid=1 AND status>-1 ) [ RunTime:0.0004s ]
SQL: UPDATE `xh_member` SET `login`=`login`+1,`last_login_time`='1443241833',`last_login_ip`='0' WHERE `uid` = 1 [ RunTime:0.0003s ]

[ 2015-09-26T12:30:33+08:00 ] ::1 /xihu/admin.php?s=/Index/index.html
INFO: [ app_init ] --START--
INFO: Run Behavior\BuildLiteBehavior [ RunTime:0.000020s ]
INFO: Run Common\Behavior\InitHookBehavior [ RunTime:0.001178s ]
INFO: [ app_init ] --END-- [ RunTime:0.001475s ]
INFO: [ app_begin ] --START--
INFO: Run Behavior\ReadHtmlCacheBehavior [ RunTime:0.000301s ]
INFO: [ app_begin ] --END-- [ RunTime:0.000383s ]
SQL: SHOW COLUMNS FROM `xh_menu` [ RunTime:0.0035s ]
SQL: SELECT `id`,`title`,`url` FROM `xh_menu` WHERE `pid` = 0 AND `hide` = 0 ORDER BY sort asc  [ RunTime:0.0016s ]
SQL: SELECT `pid` FROM `xh_menu` WHERE ( pid !=0 AND url like '%Index/index%' ) LIMIT 1   [ RunTime:0.0014s ]
INFO: [ view_parse ] --START--
INFO: [ template_filter ] --START--
INFO: Run Behavior\ContentReplaceBehavior [ RunTime:0.000087s ]
INFO: [ template_filter ] --END-- [ RunTime:0.000161s ]
INFO: [ AdminIndex ] --START--
SQL: SHOW COLUMNS FROM `xh_addons` [ RunTime:0.0038s ]
SQL: SELECT `config` FROM `xh_addons` WHERE `name` = 'SiteStat' AND `status` = 1 LIMIT 1   [ RunTime:0.0007s ]
SQL: SHOW COLUMNS FROM `xh_member` [ RunTime:0.0028s ]
SQL: SELECT COUNT(*) AS tp_count FROM `xh_member` LIMIT 1   [ RunTime:0.0002s ]
SQL: SHOW COLUMNS FROM `xh_action_log` [ RunTime:0.0025s ]
SQL: SELECT COUNT(*) AS tp_count FROM `xh_action_log` LIMIT 1   [ RunTime:0.0002s ]
SQL: SHOW COLUMNS FROM `xh_document` [ RunTime:0.0025s ]
SQL: SELECT COUNT(*) AS tp_count FROM `xh_document` LIMIT 1   [ RunTime:0.0002s ]
SQL: SHOW COLUMNS FROM `xh_category` [ RunTime:0.0048s ]
SQL: SELECT COUNT(*) AS tp_count FROM `xh_category` LIMIT 1   [ RunTime:0.0003s ]
SQL: SHOW COLUMNS FROM `xh_model` [ RunTime:0.0024s ]
SQL: SELECT COUNT(*) AS tp_count FROM `xh_model` LIMIT 1   [ RunTime:0.0002s ]
INFO: [ view_parse ] --START--
INFO: [ template_filter ] --START--
INFO: Run Behavior\ContentReplaceBehavior [ RunTime:0.000046s ]
INFO: [ template_filter ] --END-- [ RunTime:-0.031489s ]
INFO: Run Behavior\ParseTemplateBehavior [ RunTime:0.010812s ]
INFO: [ view_parse ] --END-- [ RunTime:0.010967s ]
INFO: [ view_filter ] --START--
INFO: Run Behavior\WriteHtmlCacheBehavior [ RunTime:0.000413s ]
INFO: [ view_filter ] --END-- [ RunTime:0.000557s ]
INFO: Run Addons\SiteStat\SiteStatAddon [ RunTime:0.037266s ]
SQL: SELECT `config` FROM `xh_addons` WHERE `name` = 'SystemInfo' AND `status` = 1 LIMIT 1   [ RunTime:0.0004s ]
INFO: [ view_parse ] --START--
INFO: [ template_filter ] --START--
INFO: Run Behavior\ContentReplaceBehavior [ RunTime:0.000076s ]
INFO: [ template_filter ] --END-- [ RunTime:-0.290482s ]
SQL: select version() as v; [ RunTime:0.0003s ]
INFO: Run Behavior\ParseTemplateBehavior [ RunTime:0.007377s ]
INFO: [ view_parse ] --END-- [ RunTime:-0.246305s ]
INFO: [ view_filter ] --START--
INFO: Run Behavior\WriteHtmlCacheBehavior [ RunTime:0.000022s ]
INFO: [ view_filter ] --END-- [ RunTime:-0.253218s ]
INFO: Run Addons\SystemInfo\SystemInfoAddon [ RunTime:0.253195s ]
SQL: SELECT `config` FROM `xh_addons` WHERE `name` = 'DevTeam' AND `status` = 1 LIMIT 1   [ RunTime:0.0003s ]
INFO: [ view_parse ] --START--
INFO: [ template_filter ] --START--
INFO: Run Behavior\ContentReplaceBehavior [ RunTime:0.000047s ]
INFO: [ template_filter ] --END-- [ RunTime:-0.296485s ]
INFO: Run Behavior\ParseTemplateBehavior [ RunTime:0.002931s ]
INFO: [ view_parse ] --END-- [ RunTime:-0.255450s ]
INFO: [ view_filter ] --START--
INFO: Run Behavior\WriteHtmlCacheBehavior [ RunTime:0.000019s ]
INFO: [ view_filter ] --END-- [ RunTime:-0.257859s ]
INFO: Run Addons\DevTeam\DevTeamAddon [ RunTime:0.004590s ]
INFO: [ AdminIndex ] --END-- [ RunTime:0.295206s ]
INFO: Run Behavior\ParseTemplateBehavior [ RunTime:0.003230s ]
INFO: [ view_parse ] --END-- [ RunTime:-0.255450s ]
INFO: [ view_filter ] --START--
INFO: Run Behavior\WriteHtmlCacheBehavior [ RunTime:0.000016s ]
INFO: [ view_filter ] --END-- [ RunTime:-0.258146s ]
INFO: [ app_end ] --START--
INFO: Run Behavior\ShowPageTraceBehavior [ RunTime:0.000470s ]
INFO: [ app_end ] --END-- [ RunTime:0.000563s ]

[ 2015-09-26T12:30:40+08:00 ] ::1 /xihu/admin.php?s=/Index/index.html
INFO: [ app_init ] --START--
INFO: Run Behavior\BuildLiteBehavior [ RunTime:0.000033s ]
INFO: Run Common\Behavior\InitHookBehavior [ RunTime:0.003332s ]
INFO: [ app_init ] --END-- [ RunTime:0.003950s ]
INFO: [ app_begin ] --START--
INFO: Run Behavior\ReadHtmlCacheBehavior [ RunTime:0.000323s ]
INFO: [ app_begin ] --END-- [ RunTime:0.000408s ]
SQL: SHOW COLUMNS FROM `xh_menu` [ RunTime:0.0040s ]
SQL: SELECT `id`,`title`,`url` FROM `xh_menu` WHERE `pid` = 0 AND `hide` = 0 ORDER BY sort asc  [ RunTime:0.0013s ]
SQL: SELECT `pid` FROM `xh_menu` WHERE ( pid !=0 AND url like '%Index/index%' ) LIMIT 1   [ RunTime:0.0010s ]
INFO: [ view_parse ] --START--
INFO: [ template_filter ] --START--
INFO: Run Behavior\ContentReplaceBehavior [ RunTime:0.000118s ]
INFO: [ template_filter ] --END-- [ RunTime:0.000314s ]
INFO: [ AdminIndex ] --START--
SQL: SHOW COLUMNS FROM `xh_addons` [ RunTime:0.0044s ]
SQL: SELECT `config` FROM `xh_addons` WHERE `name` = 'SiteStat' AND `status` = 1 LIMIT 1   [ RunTime:0.0005s ]
SQL: SHOW COLUMNS FROM `xh_member` [ RunTime:0.0043s ]
SQL: SELECT COUNT(*) AS tp_count FROM `xh_member` LIMIT 1   [ RunTime:0.0002s ]
SQL: SHOW COLUMNS FROM `xh_action_log` [ RunTime:0.0038s ]
SQL: SELECT COUNT(*) AS tp_count FROM `xh_action_log` LIMIT 1   [ RunTime:0.0005s ]
SQL: SHOW COLUMNS FROM `xh_document` [ RunTime:0.0039s ]
SQL: SELECT COUNT(*) AS tp_count FROM `xh_document` LIMIT 1   [ RunTime:0.0004s ]
SQL: SHOW COLUMNS FROM `xh_category` [ RunTime:0.0045s ]
SQL: SELECT COUNT(*) AS tp_count FROM `xh_category` LIMIT 1   [ RunTime:0.0004s ]
SQL: SHOW COLUMNS FROM `xh_model` [ RunTime:0.0035s ]
SQL: SELECT COUNT(*) AS tp_count FROM `xh_model` LIMIT 1   [ RunTime:0.0002s ]
INFO: [ view_parse ] --START--
INFO: [ template_filter ] --START--
INFO: Run Behavior\ContentReplaceBehavior [ RunTime:0.000046s ]
INFO: [ template_filter ] --END-- [ RunTime:-0.043466s ]
INFO: Run Behavior\ParseTemplateBehavior [ RunTime:0.007935s ]
INFO: [ view_parse ] --END-- [ RunTime:0.008041s ]
INFO: [ view_filter ] --START--
INFO: Run Behavior\WriteHtmlCacheBehavior [ RunTime:0.000137s ]
INFO: [ view_filter ] --END-- [ RunTime:0.000204s ]
INFO: Run Addons\SiteStat\SiteStatAddon [ RunTime:0.040277s ]
SQL: SELECT `config` FROM `xh_addons` WHERE `name` = 'SystemInfo' AND `status` = 1 LIMIT 1   [ RunTime:0.0004s ]
INFO: [ view_parse ] --START--
INFO: [ template_filter ] --START--
INFO: Run Behavior\ContentReplaceBehavior [ RunTime:0.000118s ]
INFO: [ template_filter ] --END-- [ RunTime:-0.228585s ]
SQL: select version() as v; [ RunTime:0.0006s ]
INFO: Run Behavior\ParseTemplateBehavior [ RunTime:0.006999s ]
INFO: [ view_parse ] --END-- [ RunTime:-0.175177s ]
INFO: [ view_filter ] --START--
INFO: Run Behavior\WriteHtmlCacheBehavior [ RunTime:0.000030s ]
INFO: [ view_filter ] --END-- [ RunTime:-0.182147s ]
INFO: Run Addons\SystemInfo\SystemInfoAddon [ RunTime:0.182222s ]
SQL: SELECT `config` FROM `xh_addons` WHERE `name` = 'DevTeam' AND `status` = 1 LIMIT 1   [ RunTime:0.0003s ]
INFO: [ view_parse ] --START--
INFO: [ template_filter ] --START--
INFO: Run Behavior\ContentReplaceBehavior [ RunTime:0.000042s ]
INFO: [ template_filter ] --END-- [ RunTime:-0.234740s ]
INFO: Run Behavior\ParseTemplateBehavior [ RunTime:0.001613s ]
INFO: [ view_parse ] --END-- [ RunTime:-0.183563s ]
INFO: [ view_filter ] --START--
INFO: Run Behavior\WriteHtmlCacheBehavior [ RunTime:0.000018s ]
INFO: [ view_filter ] --END-- [ RunTime:-0.185027s ]
INFO: Run Addons\DevTeam\DevTeamAddon [ RunTime:0.002833s ]
INFO: [ AdminIndex ] --END-- [ RunTime:0.225501s ]
INFO: Run Behavior\ParseTemplateBehavior [ RunTime:0.001924s ]
INFO: [ view_parse ] --END-- [ RunTime:-0.183563s ]
INFO: [ view_filter ] --START--
INFO: Run Behavior\WriteHtmlCacheBehavior [ RunTime:0.000015s ]
INFO: [ view_filter ] --END-- [ RunTime:-0.185329s ]
INFO: [ app_end ] --START--
INFO: Run Behavior\ShowPageTraceBehavior [ RunTime:0.000485s ]
INFO: [ app_end ] --END-- [ RunTime:0.000611s ]

[ 2015-09-26T12:30:46+08:00 ] ::1 /xihu/admin.php?s=/Article/index.html
INFO: [ app_init ] --START--
INFO: Run Behavior\BuildLiteBehavior [ RunTime:0.000023s ]
INFO: Run Common\Behavior\InitHookBehavior [ RunTime:0.001025s ]
INFO: [ app_init ] --END-- [ RunTime:0.001433s ]
INFO: [ app_begin ] --START--
INFO: Run Behavior\ReadHtmlCacheBehavior [ RunTime:0.000483s ]
INFO: [ app_begin ] --END-- [ RunTime:0.000599s ]
SQL: SHOW COLUMNS FROM `xh_menu` [ RunTime:0.0040s ]
SQL: SELECT `id`,`title`,`url` FROM `xh_menu` WHERE `pid` = 0 AND `hide` = 0 ORDER BY sort asc  [ RunTime:0.0004s ]
SQL: SELECT `pid` FROM `xh_menu` WHERE ( pid !=0 AND url like '%Article/index%' ) LIMIT 1   [ RunTime:0.0002s ]
SQL: SELECT * FROM `xh_menu` WHERE `id` = 2 LIMIT 1   [ RunTime:0.0002s ]
SQL: SELECT DISTINCT  `group` FROM `xh_menu` WHERE `group` <> '' AND `pid` = 2  [ RunTime:0.0003s ]
SQL: SELECT `id`,`url` FROM `xh_menu` WHERE `pid` = 2 AND `hide` = 0  [ RunTime:0.0002s ]
SQL: SELECT `id`,`pid`,`title`,`url`,`tip` FROM `xh_menu` WHERE `group` = '内容' AND `pid` = 2 AND `hide` = 0 ORDER BY sort asc  [ RunTime:0.0002s ]
SQL: SHOW COLUMNS FROM `xh_auth_group_access` [ RunTime:0.0042s ]
SQL: SELECT `extend_id` FROM xh_auth_group_access g INNER JOIN xh_auth_extend c on g.group_id=c.group_id  WHERE ( g.uid='1' and c.type='1' and !isnull(extend_id) )  [ RunTime:0.0003s ]
SQL: SHOW COLUMNS FROM `xh_category` [ RunTime:0.0035s ]
SQL: SELECT `id`,`title`,`pid`,`allow_publish` FROM `xh_category` WHERE `status` = 1 ORDER BY pid,sort  [ RunTime:0.0005s ]
SQL: SHOW COLUMNS FROM `xh_model` [ RunTime:0.0042s ]
SQL: SELECT * FROM `xh_model` WHERE `name` = 'document' LIMIT 1   [ RunTime:0.0007s ]
SQL: SHOW COLUMNS FROM `xh_document` [ RunTime:0.0040s ]
SQL: SELECT COUNT(*) AS tp_count FROM xh_document DOCUMENT WHERE `status` IN ('0','1','2') AND `pid` = 0 LIMIT 1   [ RunTime:0.0003s ]
SQL: SELECT `id`,`title`,`type`,`update_time`,`status`,`view`,`category_id`,`model_id`,`pid` FROM xh_document DOCUMENT WHERE `status` IN ('0','1','2') AND `pid` = 0 ORDER BY level DESC,DOCUMENT.id DESC LIMIT 0,10   [ RunTime:0.0006s ]
SQL: SELECT `extend` FROM `xh_model` WHERE `id` = 1 LIMIT 1   [ RunTime:0.0004s ]
SQL: SHOW COLUMNS FROM `xh_attribute` [ RunTime:0.0042s ]
SQL: SELECT `id`,`name`,`type`,`extra` FROM `xh_attribute` WHERE `model_id` = 1  [ RunTime:0.0005s ]
NOTIC: [8] Undefined variable: groups /Users/zhuang/www/xihu/Application/Admin/Controller/ArticleController.class.php 第 231 行.
INFO: [ view_parse ] --START--
INFO: [ template_filter ] --START--
INFO: Run Behavior\ContentReplaceBehavior [ RunTime:0.000200s ]
INFO: [ template_filter ] --END-- [ RunTime:0.000284s ]
INFO: Run Behavior\ParseTemplateBehavior [ RunTime:0.074641s ]
INFO: [ view_parse ] --END-- [ RunTime:0.074722s ]
INFO: [ view_filter ] --START--
INFO: Run Behavior\WriteHtmlCacheBehavior [ RunTime:0.000223s ]
INFO: [ view_filter ] --END-- [ RunTime:0.000331s ]
INFO: [ app_end ] --START--
INFO: Run Behavior\ShowPageTraceBehavior [ RunTime:0.000371s ]
INFO: [ app_end ] --END-- [ RunTime:0.000478s ]

[ 2015-09-26T12:31:30+08:00 ] ::1 /xihu/admin.php?s=/User/index.html
INFO: [ app_init ] --START--
INFO: Run Behavior\BuildLiteBehavior [ RunTime:0.000019s ]
INFO: Run Common\Behavior\InitHookBehavior [ RunTime:0.000769s ]
INFO: [ app_init ] --END-- [ RunTime:0.001056s ]
INFO: [ app_begin ] --START--
INFO: Run Behavior\ReadHtmlCacheBehavior [ RunTime:0.000314s ]
INFO: [ app_begin ] --END-- [ RunTime:0.000405s ]
SQL: SHOW COLUMNS FROM `xh_menu` [ RunTime:0.0047s ]
SQL: SELECT `id`,`title`,`url` FROM `xh_menu` WHERE `pid` = 0 AND `hide` = 0 ORDER BY sort asc  [ RunTime:0.0004s ]
SQL: SELECT `pid` FROM `xh_menu` WHERE ( pid !=0 AND url like '%User/index%' ) LIMIT 1   [ RunTime:0.0004s ]
SQL: SELECT * FROM `xh_menu` WHERE `id` = 16 LIMIT 1   [ RunTime:0.0003s ]
SQL: SELECT DISTINCT  `group` FROM `xh_menu` WHERE `group` <> '' AND `pid` = 16  [ RunTime:0.0003s ]
SQL: SELECT `id`,`url` FROM `xh_menu` WHERE `pid` = 16 AND `hide` = 0  [ RunTime:0.0002s ]
SQL: SELECT `id`,`pid`,`title`,`url`,`tip` FROM `xh_menu` WHERE `group` = '用户管理' AND `pid` = 16 AND `hide` = 0 ORDER BY sort asc  [ RunTime:0.0003s ]
SQL: SELECT `id`,`pid`,`title`,`url`,`tip` FROM `xh_menu` WHERE `group` = '行为管理' AND `pid` = 16 AND `hide` = 0 ORDER BY sort asc  [ RunTime:0.0003s ]
SQL: SHOW COLUMNS FROM `xh_member` [ RunTime:0.0021s ]
SQL: SELECT COUNT(*) AS tp_count FROM `xh_member` WHERE `status` >= 0 AND `nickname` LIKE '%%' LIMIT 1   [ RunTime:0.0003s ]
SQL: SELECT `uid`,`nickname`,`sex`,`birthday`,`qq`,`score`,`login`,`reg_ip`,`reg_time`,`last_login_ip`,`last_login_time`,`status` FROM `xh_member` WHERE `status` >= 0 AND `nickname` LIKE '%%' ORDER BY uid desc LIMIT 0,10   [ RunTime:0.0003s ]
INFO: [ view_parse ] --START--
INFO: [ template_filter ] --START--
INFO: Run Behavior\ContentReplaceBehavior [ RunTime:0.000117s ]
INFO: [ template_filter ] --END-- [ RunTime:0.000208s ]
INFO: Run Behavior\ParseTemplateBehavior [ RunTime:0.026071s ]
INFO: [ view_parse ] --END-- [ RunTime:0.026150s ]
INFO: [ view_filter ] --START--
INFO: Run Behavior\WriteHtmlCacheBehavior [ RunTime:0.000131s ]
INFO: [ view_filter ] --END-- [ RunTime:0.000193s ]
INFO: [ app_end ] --START--
INFO: Run Behavior\ShowPageTraceBehavior [ RunTime:0.000393s ]
INFO: [ app_end ] --END-- [ RunTime:0.000480s ]

[ 2015-09-26T12:31:43+08:00 ] ::1 /xihu/admin.php?s=/Action/actionlog.html
INFO: [ app_init ] --START--
INFO: Run Behavior\BuildLiteBehavior [ RunTime:0.000018s ]
INFO: Run Common\Behavior\InitHookBehavior [ RunTime:0.000810s ]
INFO: [ app_init ] --END-- [ RunTime:0.001086s ]
INFO: [ app_begin ] --START--
INFO: Run Behavior\ReadHtmlCacheBehavior [ RunTime:0.000469s ]
INFO: [ app_begin ] --END-- [ RunTime:0.000643s ]
SQL: SHOW COLUMNS FROM `xh_menu` [ RunTime:0.0028s ]
SQL: SELECT `id`,`title`,`url` FROM `xh_menu` WHERE `pid` = 0 AND `hide` = 0 ORDER BY sort asc  [ RunTime:0.0003s ]
SQL: SELECT `pid` FROM `xh_menu` WHERE ( pid !=0 AND url like '%Action/actionlog%' ) LIMIT 1   [ RunTime:0.0003s ]
SQL: SELECT * FROM `xh_menu` WHERE `id` = 16 LIMIT 1   [ RunTime:0.0002s ]
SQL: SELECT DISTINCT  `group` FROM `xh_menu` WHERE `group` <> '' AND `pid` = 16  [ RunTime:0.0003s ]
SQL: SELECT `id`,`url` FROM `xh_menu` WHERE `pid` = 16 AND `hide` = 0  [ RunTime:0.0002s ]
SQL: SELECT `id`,`pid`,`title`,`url`,`tip` FROM `xh_menu` WHERE `group` = '用户管理' AND `pid` = 16 AND `hide` = 0 ORDER BY sort asc  [ RunTime:0.0003s ]
SQL: SELECT `id`,`pid`,`title`,`url`,`tip` FROM `xh_menu` WHERE `group` = '行为管理' AND `pid` = 16 AND `hide` = 0 ORDER BY sort asc  [ RunTime:0.0003s ]
SQL: SHOW COLUMNS FROM `xh_action_log` [ RunTime:0.0033s ]
SQL: SELECT COUNT(*) AS tp_count FROM `xh_action_log` WHERE `status` > -1 LIMIT 1   [ RunTime:0.0004s ]
SQL: SELECT `id`,`action_id`,`user_id`,`action_ip`,`model`,`record_id`,`remark`,`status`,`create_time` FROM `xh_action_log` WHERE `status` > -1 ORDER BY id desc LIMIT 0,10   [ RunTime:0.0003s ]
SQL: SHOW COLUMNS FROM `xh_model` [ RunTime:0.0023s ]
SQL: SELECT `id` FROM `xh_model` WHERE `name` = 'member' LIMIT 1   [ RunTime:0.0004s ]
INFO: [ view_parse ] --START--
INFO: [ template_filter ] --START--
INFO: Run Behavior\ContentReplaceBehavior [ RunTime:0.000166s ]
INFO: [ template_filter ] --END-- [ RunTime:0.000306s ]
SQL: SHOW COLUMNS FROM `xh_action` [ RunTime:0.0043s ]
SQL: SELECT `id`,`name`,`title`,`remark`,`rule`,`log`,`type`,`status`,`update_time` FROM `xh_action` WHERE `status` > -1 AND `id` = 1 LIMIT 1   [ RunTime:0.0010s ]
INFO: Run Behavior\ParseTemplateBehavior [ RunTime:0.040421s ]
INFO: [ view_parse ] --END-- [ RunTime:0.040513s ]
INFO: [ view_filter ] --START--
INFO: Run Behavior\WriteHtmlCacheBehavior [ RunTime:0.000170s ]
INFO: [ view_filter ] --END-- [ RunTime:0.000240s ]
INFO: [ app_end ] --START--
INFO: Run Behavior\ShowPageTraceBehavior [ RunTime:0.000402s ]
INFO: [ app_end ] --END-- [ RunTime:0.000491s ]

[ 2015-09-26T12:31:44+08:00 ] ::1 /xihu/admin.php?s=/User/action.html
INFO: [ app_init ] --START--
INFO: Run Behavior\BuildLiteBehavior [ RunTime:0.000032s ]
INFO: Run Common\Behavior\InitHookBehavior [ RunTime:0.001107s ]
INFO: [ app_init ] --END-- [ RunTime:0.001621s ]
INFO: [ app_begin ] --START--
INFO: Run Behavior\ReadHtmlCacheBehavior [ RunTime:0.000280s ]
INFO: [ app_begin ] --END-- [ RunTime:0.000355s ]
SQL: SHOW COLUMNS FROM `xh_menu` [ RunTime:0.0026s ]
SQL: SELECT `id`,`title`,`url` FROM `xh_menu` WHERE `pid` = 0 AND `hide` = 0 ORDER BY sort asc  [ RunTime:0.0003s ]
SQL: SELECT `pid` FROM `xh_menu` WHERE ( pid !=0 AND url like '%User/action%' ) LIMIT 1   [ RunTime:0.0003s ]
SQL: SELECT * FROM `xh_menu` WHERE `id` = 16 LIMIT 1   [ RunTime:0.0010s ]
SQL: SELECT DISTINCT  `group` FROM `xh_menu` WHERE `group` <> '' AND `pid` = 16  [ RunTime:0.0009s ]
SQL: SELECT `id`,`url` FROM `xh_menu` WHERE `pid` = 16 AND `hide` = 0  [ RunTime:0.0008s ]
SQL: SELECT `id`,`pid`,`title`,`url`,`tip` FROM `xh_menu` WHERE `group` = '用户管理' AND `pid` = 16 AND `hide` = 0 ORDER BY sort asc  [ RunTime:0.0007s ]
SQL: SELECT `id`,`pid`,`title`,`url`,`tip` FROM `xh_menu` WHERE `group` = '行为管理' AND `pid` = 16 AND `hide` = 0 ORDER BY sort asc  [ RunTime:0.0004s ]
SQL: SHOW COLUMNS FROM `xh_action` [ RunTime:0.0021s ]
SQL: SELECT COUNT(*) AS tp_count FROM `xh_action` WHERE `status` >= 0 LIMIT 1   [ RunTime:0.0002s ]
SQL: SELECT `id`,`name`,`title`,`remark`,`rule`,`log`,`type`,`status`,`update_time` FROM `xh_action` WHERE `status` >= 0 ORDER BY id desc LIMIT 0,10   [ RunTime:0.0006s ]
INFO: [ view_parse ] --START--
INFO: [ template_filter ] --START--
INFO: Run Behavior\ContentReplaceBehavior [ RunTime:0.000096s ]
INFO: [ template_filter ] --END-- [ RunTime:0.000173s ]
INFO: Run Behavior\ParseTemplateBehavior [ RunTime:0.030041s ]
INFO: [ view_parse ] --END-- [ RunTime:0.030117s ]
INFO: [ view_filter ] --START--
INFO: Run Behavior\WriteHtmlCacheBehavior [ RunTime:0.000117s ]
INFO: [ view_filter ] --END-- [ RunTime:0.000174s ]
INFO: [ app_end ] --START--
INFO: Run Behavior\ShowPageTraceBehavior [ RunTime:0.000514s ]
INFO: [ app_end ] --END-- [ RunTime:0.000608s ]

[ 2015-09-26T12:31:49+08:00 ] ::1 /xihu/admin.php?s=/Index/index.html
INFO: [ app_init ] --START--
INFO: Run Behavior\BuildLiteBehavior [ RunTime:0.000029s ]
INFO: Run Common\Behavior\InitHookBehavior [ RunTime:0.001181s ]
INFO: [ app_init ] --END-- [ RunTime:0.001601s ]
INFO: [ app_begin ] --START--
INFO: Run Behavior\ReadHtmlCacheBehavior [ RunTime:0.000489s ]
INFO: [ app_begin ] --END-- [ RunTime:0.000649s ]
SQL: SHOW COLUMNS FROM `xh_menu` [ RunTime:0.0051s ]
SQL: SELECT `id`,`title`,`url` FROM `xh_menu` WHERE `pid` = 0 AND `hide` = 0 ORDER BY sort asc  [ RunTime:0.0006s ]
SQL: SELECT `pid` FROM `xh_menu` WHERE ( pid !=0 AND url like '%Index/index%' ) LIMIT 1   [ RunTime:0.0008s ]
INFO: [ view_parse ] --START--
INFO: [ template_filter ] --START--
INFO: Run Behavior\ContentReplaceBehavior [ RunTime:0.000107s ]
INFO: [ template_filter ] --END-- [ RunTime:0.000220s ]
INFO: [ AdminIndex ] --START--
SQL: SHOW COLUMNS FROM `xh_addons` [ RunTime:0.0036s ]
SQL: SELECT `config` FROM `xh_addons` WHERE `name` = 'SiteStat' AND `status` = 1 LIMIT 1   [ RunTime:0.0004s ]
SQL: SHOW COLUMNS FROM `xh_member` [ RunTime:0.0039s ]
SQL: SELECT COUNT(*) AS tp_count FROM `xh_member` LIMIT 1   [ RunTime:0.0004s ]
SQL: SHOW COLUMNS FROM `xh_action_log` [ RunTime:0.0041s ]
SQL: SELECT COUNT(*) AS tp_count FROM `xh_action_log` LIMIT 1   [ RunTime:0.0006s ]
SQL: SHOW COLUMNS FROM `xh_document` [ RunTime:0.0039s ]
SQL: SELECT COUNT(*) AS tp_count FROM `xh_document` LIMIT 1   [ RunTime:0.0002s ]
SQL: SHOW COLUMNS FROM `xh_category` [ RunTime:0.0034s ]
SQL: SELECT COUNT(*) AS tp_count FROM `xh_category` LIMIT 1   [ RunTime:0.0006s ]
SQL: SHOW COLUMNS FROM `xh_model` [ RunTime:0.0041s ]
SQL: SELECT COUNT(*) AS tp_count FROM `xh_model` LIMIT 1   [ RunTime:0.0006s ]
INFO: [ view_parse ] --START--
INFO: [ template_filter ] --START--
INFO: Run Behavior\ContentReplaceBehavior [ RunTime:0.000075s ]
INFO: [ template_filter ] --END-- [ RunTime:-0.042765s ]
INFO: Run Behavior\ParseTemplateBehavior [ RunTime:0.008877s ]
INFO: [ view_parse ] --END-- [ RunTime:0.009047s ]
INFO: [ view_filter ] --START--
INFO: Run Behavior\WriteHtmlCacheBehavior [ RunTime:0.000215s ]
INFO: [ view_filter ] --END-- [ RunTime:0.000354s ]
INFO: Run Addons\SiteStat\SiteStatAddon [ RunTime:0.041316s ]
SQL: SELECT `config` FROM `xh_addons` WHERE `name` = 'SystemInfo' AND `status` = 1 LIMIT 1   [ RunTime:0.0006s ]
INFO: [ view_parse ] --START--
INFO: [ template_filter ] --START--
INFO: Run Behavior\ContentReplaceBehavior [ RunTime:0.000050s ]
INFO: [ template_filter ] --END-- [ RunTime:-0.233019s ]
SQL: select version() as v; [ RunTime:0.0003s ]
INFO: Run Behavior\ParseTemplateBehavior [ RunTime:0.004022s ]
INFO: [ view_parse ] --END-- [ RunTime:-0.180434s ]
INFO: [ view_filter ] --START--
INFO: Run Behavior\WriteHtmlCacheBehavior [ RunTime:0.000020s ]
INFO: [ view_filter ] --END-- [ RunTime:-0.184159s ]
INFO: Run Addons\SystemInfo\SystemInfoAddon [ RunTime:0.184157s ]
SQL: SELECT `config` FROM `xh_addons` WHERE `name` = 'DevTeam' AND `status` = 1 LIMIT 1   [ RunTime:0.0003s ]
INFO: [ view_parse ] --START--
INFO: [ template_filter ] --START--
INFO: Run Behavior\ContentReplaceBehavior [ RunTime:0.000046s ]
INFO: [ template_filter ] --END-- [ RunTime:-0.236767s ]
INFO: Run Behavior\ParseTemplateBehavior [ RunTime:0.001628s ]
INFO: [ view_parse ] --END-- [ RunTime:-0.185680s ]
INFO: [ view_filter ] --START--
INFO: Run Behavior\WriteHtmlCacheBehavior [ RunTime:0.000018s ]
INFO: [ view_filter ] --END-- [ RunTime:-0.186966s ]
INFO: Run Addons\DevTeam\DevTeamAddon [ RunTime:0.002770s ]
INFO: [ AdminIndex ] --END-- [ RunTime:0.228423s ]
INFO: Run Behavior\ParseTemplateBehavior [ RunTime:0.001927s ]
INFO: [ view_parse ] --END-- [ RunTime:-0.185680s ]
INFO: [ view_filter ] --START--
INFO: Run Behavior\WriteHtmlCacheBehavior [ RunTime:0.000016s ]
INFO: [ view_filter ] --END-- [ RunTime:-0.187253s ]
INFO: [ app_end ] --START--
INFO: Run Behavior\ShowPageTraceBehavior [ RunTime:0.000426s ]
INFO: [ app_end ] --END-- [ RunTime:0.000512s ]

[ 2015-09-26T12:37:49+08:00 ] ::1 /xihu/admin.php?s=/User/index.html
INFO: [ app_init ] --START--
INFO: Run Behavior\BuildLiteBehavior [ RunTime:0.000016s ]
INFO: Run Common\Behavior\InitHookBehavior [ RunTime:0.000754s ]
INFO: [ app_init ] --END-- [ RunTime:0.001017s ]
INFO: [ app_begin ] --START--
INFO: Run Behavior\ReadHtmlCacheBehavior [ RunTime:0.000274s ]
INFO: [ app_begin ] --END-- [ RunTime:0.000368s ]
SQL: SHOW COLUMNS FROM `xh_menu` [ RunTime:0.0026s ]
SQL: SELECT `id`,`title`,`url` FROM `xh_menu` WHERE `pid` = 0 AND `hide` = 0 ORDER BY sort asc  [ RunTime:0.0007s ]
SQL: SELECT `pid` FROM `xh_menu` WHERE ( pid !=0 AND url like '%User/index%' ) LIMIT 1   [ RunTime:0.0009s ]
SQL: SELECT * FROM `xh_menu` WHERE `id` = 16 LIMIT 1   [ RunTime:0.0005s ]
SQL: SELECT DISTINCT  `group` FROM `xh_menu` WHERE `group` <> '' AND `pid` = 16  [ RunTime:0.0003s ]
SQL: SELECT `id`,`url` FROM `xh_menu` WHERE `pid` = 16 AND `hide` = 0  [ RunTime:0.0002s ]
SQL: SELECT `id`,`pid`,`title`,`url`,`tip` FROM `xh_menu` WHERE `group` = '用户管理' AND `pid` = 16 AND `hide` = 0 ORDER BY sort asc  [ RunTime:0.0002s ]
SQL: SELECT `id`,`pid`,`title`,`url`,`tip` FROM `xh_menu` WHERE `group` = '行为管理' AND `pid` = 16 AND `hide` = 0 ORDER BY sort asc  [ RunTime:0.0003s ]
SQL: SHOW COLUMNS FROM `xh_member` [ RunTime:0.0023s ]
SQL: SELECT COUNT(*) AS tp_count FROM `xh_member` WHERE `status` >= 0 AND `nickname` LIKE '%%' LIMIT 1   [ RunTime:0.0002s ]
SQL: SELECT `uid`,`nickname`,`sex`,`birthday`,`qq`,`score`,`login`,`reg_ip`,`reg_time`,`last_login_ip`,`last_login_time`,`status` FROM `xh_member` WHERE `status` >= 0 AND `nickname` LIKE '%%' ORDER BY uid desc LIMIT 0,10   [ RunTime:0.0003s ]
INFO: [ view_parse ] --START--
INFO: [ template_filter ] --START--
INFO: Run Behavior\ContentReplaceBehavior [ RunTime:0.000095s ]
INFO: [ template_filter ] --END-- [ RunTime:0.000170s ]
INFO: Run Behavior\ParseTemplateBehavior [ RunTime:0.026121s ]
INFO: [ view_parse ] --END-- [ RunTime:0.026224s ]
INFO: [ view_filter ] --START--
INFO: Run Behavior\WriteHtmlCacheBehavior [ RunTime:0.000376s ]
INFO: [ view_filter ] --END-- [ RunTime:0.000485s ]
INFO: [ app_end ] --START--
INFO: Run Behavior\ShowPageTraceBehavior [ RunTime:0.000996s ]
INFO: [ app_end ] --END-- [ RunTime:0.001247s ]

[ 2015-09-26T12:37:51+08:00 ] ::1 /xihu/admin.php?s=/Action/actionlog.html
INFO: [ app_init ] --START--
INFO: Run Behavior\BuildLiteBehavior [ RunTime:0.000018s ]
INFO: Run Common\Behavior\InitHookBehavior [ RunTime:0.000745s ]
INFO: [ app_init ] --END-- [ RunTime:0.001091s ]
INFO: [ app_begin ] --START--
INFO: Run Behavior\ReadHtmlCacheBehavior [ RunTime:0.000244s ]
INFO: [ app_begin ] --END-- [ RunTime:0.000310s ]
SQL: SHOW COLUMNS FROM `xh_menu` [ RunTime:0.0020s ]
SQL: SELECT `id`,`title`,`url` FROM `xh_menu` WHERE `pid` = 0 AND `hide` = 0 ORDER BY sort asc  [ RunTime:0.0003s ]
SQL: SELECT `pid` FROM `xh_menu` WHERE ( pid !=0 AND url like '%Action/actionlog%' ) LIMIT 1   [ RunTime:0.0003s ]
SQL: SELECT * FROM `xh_menu` WHERE `id` = 16 LIMIT 1   [ RunTime:0.0003s ]
SQL: SELECT DISTINCT  `group` FROM `xh_menu` WHERE `group` <> '' AND `pid` = 16  [ RunTime:0.0003s ]
SQL: SELECT `id`,`url` FROM `xh_menu` WHERE `pid` = 16 AND `hide` = 0  [ RunTime:0.0002s ]
SQL: SELECT `id`,`pid`,`title`,`url`,`tip` FROM `xh_menu` WHERE `group` = '用户管理' AND `pid` = 16 AND `hide` = 0 ORDER BY sort asc  [ RunTime:0.0002s ]
SQL: SELECT `id`,`pid`,`title`,`url`,`tip` FROM `xh_menu` WHERE `group` = '行为管理' AND `pid` = 16 AND `hide` = 0 ORDER BY sort asc  [ RunTime:0.0003s ]
SQL: SHOW COLUMNS FROM `xh_action_log` [ RunTime:0.0026s ]
SQL: SELECT COUNT(*) AS tp_count FROM `xh_action_log` WHERE `status` > -1 LIMIT 1   [ RunTime:0.0003s ]
SQL: SELECT `id`,`action_id`,`user_id`,`action_ip`,`model`,`record_id`,`remark`,`status`,`create_time` FROM `xh_action_log` WHERE `status` > -1 ORDER BY id desc LIMIT 0,10   [ RunTime:0.0004s ]
SQL: SHOW COLUMNS FROM `xh_model` [ RunTime:0.0032s ]
SQL: SELECT `id` FROM `xh_model` WHERE `name` = 'member' LIMIT 1   [ RunTime:0.0003s ]
INFO: [ view_parse ] --START--
INFO: [ template_filter ] --START--
INFO: Run Behavior\ContentReplaceBehavior [ RunTime:0.000096s ]
INFO: [ template_filter ] --END-- [ RunTime:0.000172s ]
SQL: SHOW COLUMNS FROM `xh_action` [ RunTime:0.0027s ]
SQL: SELECT `id`,`name`,`title`,`remark`,`rule`,`log`,`type`,`status`,`update_time` FROM `xh_action` WHERE `status` > -1 AND `id` = 1 LIMIT 1   [ RunTime:0.0003s ]
INFO: Run Behavior\ParseTemplateBehavior [ RunTime:0.027521s ]
INFO: [ view_parse ] --END-- [ RunTime:0.027585s ]
INFO: [ view_filter ] --START--
INFO: Run Behavior\WriteHtmlCacheBehavior [ RunTime:0.000138s ]
INFO: [ view_filter ] --END-- [ RunTime:0.000196s ]
INFO: [ app_end ] --START--
INFO: Run Behavior\ShowPageTraceBehavior [ RunTime:0.000363s ]
INFO: [ app_end ] --END-- [ RunTime:0.000447s ]

[ 2015-09-26T12:37:54+08:00 ] ::1 /xihu/admin.php?s=/Index/index.html
INFO: [ app_init ] --START--
INFO: Run Behavior\BuildLiteBehavior [ RunTime:0.000015s ]
INFO: Run Common\Behavior\InitHookBehavior [ RunTime:0.000843s ]
INFO: [ app_init ] --END-- [ RunTime:0.001142s ]
INFO: [ app_begin ] --START--
INFO: Run Behavior\ReadHtmlCacheBehavior [ RunTime:0.000309s ]
INFO: [ app_begin ] --END-- [ RunTime:0.000383s ]
SQL: SHOW COLUMNS FROM `xh_menu` [ RunTime:0.0021s ]
SQL: SELECT `id`,`title`,`url` FROM `xh_menu` WHERE `pid` = 0 AND `hide` = 0 ORDER BY sort asc  [ RunTime:0.0003s ]
SQL: SELECT `pid` FROM `xh_menu` WHERE ( pid !=0 AND url like '%Index/index%' ) LIMIT 1   [ RunTime:0.0005s ]
INFO: [ view_parse ] --START--
INFO: [ template_filter ] --START--
INFO: Run Behavior\ContentReplaceBehavior [ RunTime:0.000078s ]
INFO: [ template_filter ] --END-- [ RunTime:0.000156s ]
INFO: [ AdminIndex ] --START--
SQL: SHOW COLUMNS FROM `xh_addons` [ RunTime:0.0021s ]
SQL: SELECT `config` FROM `xh_addons` WHERE `name` = 'SiteStat' AND `status` = 1 LIMIT 1   [ RunTime:0.0003s ]
SQL: SHOW COLUMNS FROM `xh_member` [ RunTime:0.0024s ]
SQL: SELECT COUNT(*) AS tp_count FROM `xh_member` LIMIT 1   [ RunTime:0.0002s ]
SQL: SHOW COLUMNS FROM `xh_action_log` [ RunTime:0.0040s ]
SQL: SELECT COUNT(*) AS tp_count FROM `xh_action_log` LIMIT 1   [ RunTime:0.0002s ]
SQL: SHOW COLUMNS FROM `xh_document` [ RunTime:0.0043s ]
SQL: SELECT COUNT(*) AS tp_count FROM `xh_document` LIMIT 1   [ RunTime:0.0005s ]
SQL: SHOW COLUMNS FROM `xh_category` [ RunTime:0.0053s ]
SQL: SELECT COUNT(*) AS tp_count FROM `xh_category` LIMIT 1   [ RunTime:0.0003s ]
SQL: SHOW COLUMNS FROM `xh_model` [ RunTime:0.0034s ]
SQL: SELECT COUNT(*) AS tp_count FROM `xh_model` LIMIT 1   [ RunTime:0.0004s ]
INFO: [ view_parse ] --START--
INFO: [ template_filter ] --START--
INFO: Run Behavior\ContentReplaceBehavior [ RunTime:0.000051s ]
INFO: [ template_filter ] --END-- [ RunTime:-0.038025s ]
INFO: Run Behavior\ParseTemplateBehavior [ RunTime:0.008179s ]
INFO: [ view_parse ] --END-- [ RunTime:0.008304s ]
INFO: [ view_filter ] --START--
INFO: Run Behavior\WriteHtmlCacheBehavior [ RunTime:0.000150s ]
INFO: [ view_filter ] --END-- [ RunTime:0.000222s ]
INFO: Run Addons\SiteStat\SiteStatAddon [ RunTime:0.036424s ]
SQL: SELECT `config` FROM `xh_addons` WHERE `name` = 'SystemInfo' AND `status` = 1 LIMIT 1   [ RunTime:0.0004s ]
INFO: [ view_parse ] --START--
INFO: [ template_filter ] --START--
INFO: Run Behavior\ContentReplaceBehavior [ RunTime:0.000050s ]
INFO: [ template_filter ] --END-- [ RunTime:-0.623596s ]
SQL: select version() as v; [ RunTime:0.0002s ]
INFO: Run Behavior\ParseTemplateBehavior [ RunTime:0.003329s ]
INFO: [ view_parse ] --END-- [ RunTime:-0.576469s ]
INFO: [ view_filter ] --START--
INFO: Run Behavior\WriteHtmlCacheBehavior [ RunTime:0.000019s ]
INFO: [ view_filter ] --END-- [ RunTime:-0.579710s ]
INFO: Run Addons\SystemInfo\SystemInfoAddon [ RunTime:0.579744s ]
SQL: SELECT `config` FROM `xh_addons` WHERE `name` = 'DevTeam' AND `status` = 1 LIMIT 1   [ RunTime:0.0003s ]
INFO: [ view_parse ] --START--
INFO: [ template_filter ] --START--
INFO: Run Behavior\ContentReplaceBehavior [ RunTime:0.000042s ]
INFO: [ template_filter ] --END-- [ RunTime:-0.627062s ]
INFO: Run Behavior\ParseTemplateBehavior [ RunTime:0.001592s ]
INFO: [ view_parse ] --END-- [ RunTime:-0.580969s ]
INFO: [ view_filter ] --START--
INFO: Run Behavior\WriteHtmlCacheBehavior [ RunTime:0.000017s ]
INFO: [ view_filter ] --END-- [ RunTime:-0.582394s ]
INFO: Run Addons\DevTeam\DevTeamAddon [ RunTime:0.002640s ]
INFO: [ AdminIndex ] --END-- [ RunTime:0.618950s ]
INFO: Run Behavior\ParseTemplateBehavior [ RunTime:0.001867s ]
INFO: [ view_parse ] --END-- [ RunTime:-0.580969s ]
INFO: [ view_filter ] --START--
INFO: Run Behavior\WriteHtmlCacheBehavior [ RunTime:0.000014s ]
INFO: [ view_filter ] --END-- [ RunTime:-0.582657s ]
INFO: [ app_end ] --START--
INFO: Run Behavior\ShowPageTraceBehavior [ RunTime:0.000425s ]
INFO: [ app_end ] --END-- [ RunTime:0.000509s ]

[ 2015-09-26T12:48:23+08:00 ] ::1 /xihu/admin.php?s=/Index/index.html
INFO: [ app_init ] --START--
INFO: Run Behavior\BuildLiteBehavior [ RunTime:0.000019s ]
INFO: Run Common\Behavior\InitHookBehavior [ RunTime:0.000827s ]
INFO: [ app_init ] --END-- [ RunTime:0.001301s ]
INFO: [ app_begin ] --START--
INFO: Run Behavior\ReadHtmlCacheBehavior [ RunTime:0.000259s ]
INFO: [ app_begin ] --END-- [ RunTime:0.000328s ]
SQL: SHOW COLUMNS FROM `xh_menu` [ RunTime:0.0023s ]
SQL: SELECT `id`,`title`,`url` FROM `xh_menu` WHERE `pid` = 0 AND `hide` = 0 ORDER BY sort asc  [ RunTime:0.0007s ]
SQL: SELECT `pid` FROM `xh_menu` WHERE ( pid !=0 AND url like '%Index/index%' ) LIMIT 1   [ RunTime:0.0012s ]
INFO: [ view_parse ] --START--
INFO: [ template_filter ] --START--
INFO: Run Behavior\ContentReplaceBehavior [ RunTime:0.000076s ]
INFO: [ template_filter ] --END-- [ RunTime:0.000149s ]
INFO: [ AdminIndex ] --START--
SQL: SHOW COLUMNS FROM `xh_addons` [ RunTime:0.0049s ]
SQL: SELECT `config` FROM `xh_addons` WHERE `name` = 'SiteStat' AND `status` = 1 LIMIT 1   [ RunTime:0.0003s ]
SQL: SHOW COLUMNS FROM `xh_member` [ RunTime:0.0033s ]
SQL: SELECT COUNT(*) AS tp_count FROM `xh_member` LIMIT 1   [ RunTime:0.0002s ]
SQL: SHOW COLUMNS FROM `xh_action_log` [ RunTime:0.0032s ]
SQL: SELECT COUNT(*) AS tp_count FROM `xh_action_log` LIMIT 1   [ RunTime:0.0004s ]
SQL: SHOW COLUMNS FROM `xh_document` [ RunTime:0.0043s ]
SQL: SELECT COUNT(*) AS tp_count FROM `xh_document` LIMIT 1   [ RunTime:0.0002s ]
SQL: SHOW COLUMNS FROM `xh_category` [ RunTime:0.0027s ]
SQL: SELECT COUNT(*) AS tp_count FROM `xh_category` LIMIT 1   [ RunTime:0.0002s ]
SQL: SHOW COLUMNS FROM `xh_model` [ RunTime:0.0026s ]
SQL: SELECT COUNT(*) AS tp_count FROM `xh_model` LIMIT 1   [ RunTime:0.0002s ]
INFO: [ view_parse ] --START--
INFO: [ template_filter ] --START--
INFO: Run Behavior\ContentReplaceBehavior [ RunTime:0.000041s ]
INFO: [ template_filter ] --END-- [ RunTime:-0.035736s ]
INFO: Run Behavior\ParseTemplateBehavior [ RunTime:0.007609s ]
INFO: [ view_parse ] --END-- [ RunTime:0.007694s ]
INFO: [ view_filter ] --START--
INFO: Run Behavior\WriteHtmlCacheBehavior [ RunTime:0.000131s ]
INFO: [ view_filter ] --END-- [ RunTime:0.000195s ]
INFO: Run Addons\SiteStat\SiteStatAddon [ RunTime:0.034905s ]
SQL: SELECT `config` FROM `xh_addons` WHERE `name` = 'SystemInfo' AND `status` = 1 LIMIT 1   [ RunTime:0.0003s ]
INFO: [ view_parse ] --START--
INFO: [ template_filter ] --START--
INFO: Run Behavior\ContentReplaceBehavior [ RunTime:0.000051s ]
INFO: [ template_filter ] --END-- [ RunTime:-0.279180s ]
SQL: select version() as v; [ RunTime:0.0002s ]
INFO: Run Behavior\ParseTemplateBehavior [ RunTime:0.002884s ]
INFO: [ view_parse ] --END-- [ RunTime:-0.235208s ]
INFO: [ view_filter ] --START--
INFO: Run Behavior\WriteHtmlCacheBehavior [ RunTime:0.000021s ]
INFO: [ view_filter ] --END-- [ RunTime:-0.237993s ]
INFO: Run Addons\SystemInfo\SystemInfoAddon [ RunTime:0.238041s ]
SQL: SELECT `config` FROM `xh_addons` WHERE `name` = 'DevTeam' AND `status` = 1 LIMIT 1   [ RunTime:0.0003s ]
INFO: [ view_parse ] --START--
INFO: [ template_filter ] --START--
INFO: Run Behavior\ContentReplaceBehavior [ RunTime:0.000046s ]
INFO: [ template_filter ] --END-- [ RunTime:-0.282677s ]
INFO: Run Behavior\ParseTemplateBehavior [ RunTime:0.001612s ]
INFO: [ view_parse ] --END-- [ RunTime:-0.239276s ]
INFO: [ view_filter ] --START--
INFO: Run Behavior\WriteHtmlCacheBehavior [ RunTime:0.000018s ]
INFO: [ view_filter ] --END-- [ RunTime:-0.240754s ]
INFO: Run Addons\DevTeam\DevTeamAddon [ RunTime:0.002713s ]
INFO: [ AdminIndex ] --END-- [ RunTime:0.275806s ]
INFO: Run Behavior\ParseTemplateBehavior [ RunTime:0.001892s ]
INFO: [ view_parse ] --END-- [ RunTime:-0.239276s ]
INFO: [ view_filter ] --START--
INFO: Run Behavior\WriteHtmlCacheBehavior [ RunTime:0.000014s ]
INFO: [ view_filter ] --END-- [ RunTime:-0.241022s ]
INFO: [ app_end ] --START--
INFO: Run Behavior\ShowPageTraceBehavior [ RunTime:0.000422s ]
INFO: [ app_end ] --END-- [ RunTime:0.000508s ]

[ 2015-09-26T12:48:38+08:00 ] ::1 /xihu/admin.php?s=/Article/index.html
INFO: [ app_init ] --START--
INFO: Run Behavior\BuildLiteBehavior [ RunTime:0.000017s ]
INFO: Run Common\Behavior\InitHookBehavior [ RunTime:0.000944s ]
INFO: [ app_init ] --END-- [ RunTime:0.001221s ]
INFO: [ app_begin ] --START--
INFO: Run Behavior\ReadHtmlCacheBehavior [ RunTime:0.000258s ]
INFO: [ app_begin ] --END-- [ RunTime:0.000327s ]
SQL: SHOW COLUMNS FROM `xh_menu` [ RunTime:0.0057s ]
SQL: SELECT `id`,`title`,`url` FROM `xh_menu` WHERE `pid` = 0 AND `hide` = 0 ORDER BY sort asc  [ RunTime:0.0009s ]
SQL: SELECT `pid` FROM `xh_menu` WHERE ( pid !=0 AND url like '%Article/index%' ) LIMIT 1   [ RunTime:0.0003s ]
SQL: SELECT * FROM `xh_menu` WHERE `id` = 2 LIMIT 1   [ RunTime:0.0003s ]
SQL: SELECT DISTINCT  `group` FROM `xh_menu` WHERE `group` <> '' AND `pid` = 2  [ RunTime:0.0004s ]
SQL: SELECT `id`,`url` FROM `xh_menu` WHERE `pid` = 2 AND `hide` = 0  [ RunTime:0.0002s ]
SQL: SELECT `id`,`pid`,`title`,`url`,`tip` FROM `xh_menu` WHERE `group` = '内容' AND `pid` = 2 AND `hide` = 0 ORDER BY sort asc  [ RunTime:0.0003s ]
SQL: SHOW COLUMNS FROM `xh_auth_group_access` [ RunTime:0.0020s ]
SQL: SELECT `extend_id` FROM xh_auth_group_access g INNER JOIN xh_auth_extend c on g.group_id=c.group_id  WHERE ( g.uid='1' and c.type='1' and !isnull(extend_id) )  [ RunTime:0.0002s ]
SQL: SHOW COLUMNS FROM `xh_category` [ RunTime:0.0028s ]
SQL: SELECT `id`,`title`,`pid`,`allow_publish` FROM `xh_category` WHERE `status` = 1 ORDER BY pid,sort  [ RunTime:0.0003s ]
SQL: SHOW COLUMNS FROM `xh_model` [ RunTime:0.0033s ]
SQL: SELECT * FROM `xh_model` WHERE `name` = 'document' LIMIT 1   [ RunTime:0.0008s ]
SQL: SHOW COLUMNS FROM `xh_document` [ RunTime:0.0042s ]
SQL: SELECT COUNT(*) AS tp_count FROM xh_document DOCUMENT WHERE `status` IN ('0','1','2') AND `pid` = 0 LIMIT 1   [ RunTime:0.0009s ]
SQL: SELECT `id`,`title`,`type`,`update_time`,`status`,`view`,`category_id`,`model_id`,`pid` FROM xh_document DOCUMENT WHERE `status` IN ('0','1','2') AND `pid` = 0 ORDER BY level DESC,DOCUMENT.id DESC LIMIT 0,10   [ RunTime:0.0003s ]
SQL: SELECT `extend` FROM `xh_model` WHERE `id` = 1 LIMIT 1   [ RunTime:0.0002s ]
SQL: SHOW COLUMNS FROM `xh_attribute` [ RunTime:0.0034s ]
SQL: SELECT `id`,`name`,`type`,`extra` FROM `xh_attribute` WHERE `model_id` = 1  [ RunTime:0.0004s ]
NOTIC: [8] Undefined variable: groups /Users/zhuang/www/xihu/Application/Admin/Controller/ArticleController.class.php 第 231 行.
INFO: [ view_parse ] --START--
INFO: [ template_filter ] --START--
INFO: Run Behavior\ContentReplaceBehavior [ RunTime:0.000422s ]
INFO: [ template_filter ] --END-- [ RunTime:0.000606s ]
INFO: Run Behavior\ParseTemplateBehavior [ RunTime:0.046096s ]
INFO: [ view_parse ] --END-- [ RunTime:0.046174s ]
INFO: [ view_filter ] --START--
INFO: Run Behavior\WriteHtmlCacheBehavior [ RunTime:0.000135s ]
INFO: [ view_filter ] --END-- [ RunTime:0.000198s ]
INFO: [ app_end ] --START--
INFO: Run Behavior\ShowPageTraceBehavior [ RunTime:0.000340s ]
INFO: [ app_end ] --END-- [ RunTime:0.000423s ]

[ 2015-09-26T12:48:41+08:00 ] ::1 /xihu/admin.php?s=/Article/index.html
INFO: [ app_init ] --START--
INFO: Run Behavior\BuildLiteBehavior [ RunTime:0.000015s ]
INFO: Run Common\Behavior\InitHookBehavior [ RunTime:0.000708s ]
INFO: [ app_init ] --END-- [ RunTime:0.000964s ]
INFO: [ app_begin ] --START--
INFO: Run Behavior\ReadHtmlCacheBehavior [ RunTime:0.000236s ]
INFO: [ app_begin ] --END-- [ RunTime:0.000300s ]
SQL: SHOW COLUMNS FROM `xh_menu` [ RunTime:0.0041s ]
SQL: SELECT `id`,`title`,`url` FROM `xh_menu` WHERE `pid` = 0 AND `hide` = 0 ORDER BY sort asc  [ RunTime:0.0008s ]
SQL: SELECT `pid` FROM `xh_menu` WHERE ( pid !=0 AND url like '%Article/index%' ) LIMIT 1   [ RunTime:0.0007s ]
SQL: SELECT * FROM `xh_menu` WHERE `id` = 2 LIMIT 1   [ RunTime:0.0005s ]
SQL: SELECT DISTINCT  `group` FROM `xh_menu` WHERE `group` <> '' AND `pid` = 2  [ RunTime:0.0004s ]
SQL: SELECT `id`,`url` FROM `xh_menu` WHERE `pid` = 2 AND `hide` = 0  [ RunTime:0.0002s ]
SQL: SELECT `id`,`pid`,`title`,`url`,`tip` FROM `xh_menu` WHERE `group` = '内容' AND `pid` = 2 AND `hide` = 0 ORDER BY sort asc  [ RunTime:0.0002s ]
SQL: SHOW COLUMNS FROM `xh_auth_group_access` [ RunTime:0.0021s ]
SQL: SELECT `extend_id` FROM xh_auth_group_access g INNER JOIN xh_auth_extend c on g.group_id=c.group_id  WHERE ( g.uid='1' and c.type='1' and !isnull(extend_id) )  [ RunTime:0.0002s ]
SQL: SHOW COLUMNS FROM `xh_category` [ RunTime:0.0022s ]
SQL: SELECT `id`,`title`,`pid`,`allow_publish` FROM `xh_category` WHERE `status` = 1 ORDER BY pid,sort  [ RunTime:0.0003s ]
SQL: SHOW COLUMNS FROM `xh_model` [ RunTime:0.0035s ]
SQL: SELECT * FROM `xh_model` WHERE `name` = 'document' LIMIT 1   [ RunTime:0.0004s ]
SQL: SHOW COLUMNS FROM `xh_document` [ RunTime:0.0046s ]
SQL: SELECT COUNT(*) AS tp_count FROM xh_document DOCUMENT WHERE `status` IN ('0','1','2') AND `pid` = 0 LIMIT 1   [ RunTime:0.0005s ]
SQL: SELECT `id`,`title`,`type`,`update_time`,`status`,`view`,`category_id`,`model_id`,`pid` FROM xh_document DOCUMENT WHERE `status` IN ('0','1','2') AND `pid` = 0 ORDER BY level DESC,DOCUMENT.id DESC LIMIT 0,10   [ RunTime:0.0010s ]
SQL: SELECT `extend` FROM `xh_model` WHERE `id` = 1 LIMIT 1   [ RunTime:0.0006s ]
SQL: SHOW COLUMNS FROM `xh_attribute` [ RunTime:0.0035s ]
SQL: SELECT `id`,`name`,`type`,`extra` FROM `xh_attribute` WHERE `model_id` = 1  [ RunTime:0.0009s ]
NOTIC: [8] Undefined variable: groups /Users/zhuang/www/xihu/Application/Admin/Controller/ArticleController.class.php 第 231 行.
INFO: [ view_parse ] --START--
INFO: [ template_filter ] --START--
INFO: Run Behavior\ContentReplaceBehavior [ RunTime:0.000173s ]
INFO: [ template_filter ] --END-- [ RunTime:0.000250s ]
INFO: Run Behavior\ParseTemplateBehavior [ RunTime:0.050837s ]
INFO: [ view_parse ] --END-- [ RunTime:0.050927s ]
INFO: [ view_filter ] --START--
INFO: Run Behavior\WriteHtmlCacheBehavior [ RunTime:0.000153s ]
INFO: [ view_filter ] --END-- [ RunTime:0.000219s ]
INFO: [ app_end ] --START--
INFO: Run Behavior\ShowPageTraceBehavior [ RunTime:0.000468s ]
INFO: [ app_end ] --END-- [ RunTime:0.000566s ]

[ 2015-09-26T12:48:41+08:00 ] ::1 /xihu/admin.php?s=/User/index.html
INFO: [ app_init ] --START--
INFO: Run Behavior\BuildLiteBehavior [ RunTime:0.000015s ]
INFO: Run Common\Behavior\InitHookBehavior [ RunTime:0.000998s ]
INFO: [ app_init ] --END-- [ RunTime:0.001264s ]
INFO: [ app_begin ] --START--
INFO: Run Behavior\ReadHtmlCacheBehavior [ RunTime:0.000311s ]
INFO: [ app_begin ] --END-- [ RunTime:0.000390s ]
SQL: SHOW COLUMNS FROM `xh_menu` [ RunTime:0.0023s ]
SQL: SELECT `id`,`title`,`url` FROM `xh_menu` WHERE `pid` = 0 AND `hide` = 0 ORDER BY sort asc  [ RunTime:0.0003s ]
SQL: SELECT `pid` FROM `xh_menu` WHERE ( pid !=0 AND url like '%User/index%' ) LIMIT 1   [ RunTime:0.0003s ]
SQL: SELECT * FROM `xh_menu` WHERE `id` = 16 LIMIT 1   [ RunTime:0.0003s ]
SQL: SELECT DISTINCT  `group` FROM `xh_menu` WHERE `group` <> '' AND `pid` = 16  [ RunTime:0.0003s ]
SQL: SELECT `id`,`url` FROM `xh_menu` WHERE `pid` = 16 AND `hide` = 0  [ RunTime:0.0002s ]
SQL: SELECT `id`,`pid`,`title`,`url`,`tip` FROM `xh_menu` WHERE `group` = '用户管理' AND `pid` = 16 AND `hide` = 0 ORDER BY sort asc  [ RunTime:0.0003s ]
SQL: SELECT `id`,`pid`,`title`,`url`,`tip` FROM `xh_menu` WHERE `group` = '行为管理' AND `pid` = 16 AND `hide` = 0 ORDER BY sort asc  [ RunTime:0.0003s ]
SQL: SHOW COLUMNS FROM `xh_member` [ RunTime:0.0036s ]
SQL: SELECT COUNT(*) AS tp_count FROM `xh_member` WHERE `status` >= 0 AND `nickname` LIKE '%%' LIMIT 1   [ RunTime:0.0013s ]
SQL: SELECT `uid`,`nickname`,`sex`,`birthday`,`qq`,`score`,`login`,`reg_ip`,`reg_time`,`last_login_ip`,`last_login_time`,`status` FROM `xh_member` WHERE `status` >= 0 AND `nickname` LIKE '%%' ORDER BY uid desc LIMIT 0,10   [ RunTime:0.0011s ]
INFO: [ view_parse ] --START--
INFO: [ template_filter ] --START--
INFO: Run Behavior\ContentReplaceBehavior [ RunTime:0.000095s ]
INFO: [ template_filter ] --END-- [ RunTime:0.000170s ]
INFO: Run Behavior\ParseTemplateBehavior [ RunTime:0.022700s ]
INFO: [ view_parse ] --END-- [ RunTime:0.022788s ]
INFO: [ view_filter ] --START--
INFO: Run Behavior\WriteHtmlCacheBehavior [ RunTime:0.000160s ]
INFO: [ view_filter ] --END-- [ RunTime:0.000223s ]
INFO: [ app_end ] --START--
INFO: Run Behavior\ShowPageTraceBehavior [ RunTime:0.000410s ]
INFO: [ app_end ] --END-- [ RunTime:0.000498s ]

[ 2015-09-26T12:48:42+08:00 ] ::1 /xihu/admin.php?s=/Config/group.html
INFO: [ app_init ] --START--
INFO: Run Behavior\BuildLiteBehavior [ RunTime:0.000028s ]
INFO: Run Common\Behavior\InitHookBehavior [ RunTime:0.001156s ]
INFO: [ app_init ] --END-- [ RunTime:0.001592s ]
INFO: [ app_begin ] --START--
INFO: Run Behavior\ReadHtmlCacheBehavior [ RunTime:0.000414s ]
INFO: [ app_begin ] --END-- [ RunTime:0.000537s ]
SQL: SHOW COLUMNS FROM `xh_menu` [ RunTime:0.0126s ]
SQL: SELECT `id`,`title`,`url` FROM `xh_menu` WHERE `pid` = 0 AND `hide` = 0 ORDER BY sort asc  [ RunTime:0.0007s ]
SQL: SELECT `pid` FROM `xh_menu` WHERE ( pid !=0 AND url like '%Config/group%' ) LIMIT 1   [ RunTime:0.0014s ]
SQL: SELECT * FROM `xh_menu` WHERE `id` = 68 LIMIT 1   [ RunTime:0.0025s ]
SQL: SELECT DISTINCT  `group` FROM `xh_menu` WHERE `group` <> '' AND `pid` = 68  [ RunTime:0.0004s ]
SQL: SELECT `id`,`url` FROM `xh_menu` WHERE `pid` = 68 AND `hide` = 0  [ RunTime:0.0005s ]
SQL: SELECT `id`,`pid`,`title`,`url`,`tip` FROM `xh_menu` WHERE `group` = '系统设置' AND `pid` = 68 AND `hide` = 0 ORDER BY sort asc  [ RunTime:0.0007s ]
SQL: SELECT `id`,`pid`,`title`,`url`,`tip` FROM `xh_menu` WHERE `group` = '数据备份' AND `pid` = 68 AND `hide` = 0 ORDER BY sort asc  [ RunTime:0.0011s ]
SQL: SHOW COLUMNS FROM `xh_config` [ RunTime:0.0049s ]
SQL: SELECT `id`,`name`,`title`,`extra`,`value`,`remark`,`type` FROM `xh_config` WHERE `status` = 1 AND `group` = 1 ORDER BY sort  [ RunTime:0.0006s ]
INFO: [ view_parse ] --START--
INFO: [ template_filter ] --START--
INFO: Run Behavior\ContentReplaceBehavior [ RunTime:0.000126s ]
INFO: [ template_filter ] --END-- [ RunTime:0.000226s ]
INFO: Run Behavior\ParseTemplateBehavior [ RunTime:0.029993s ]
INFO: [ view_parse ] --END-- [ RunTime:0.030094s ]
INFO: [ view_filter ] --START--
INFO: Run Behavior\WriteHtmlCacheBehavior [ RunTime:0.000154s ]
INFO: [ view_filter ] --END-- [ RunTime:0.000213s ]
INFO: [ app_end ] --START--
INFO: Run Behavior\ShowPageTraceBehavior [ RunTime:0.000340s ]
INFO: [ app_end ] --END-- [ RunTime:0.000416s ]

[ 2015-09-26T12:49:09+08:00 ] ::1 /xihu/admin.php?s=/Config/save.html
INFO: [ app_init ] --START--
INFO: Run Behavior\BuildLiteBehavior [ RunTime:0.000038s ]
INFO: Run Common\Behavior\InitHookBehavior [ RunTime:0.001198s ]
INFO: [ app_init ] --END-- [ RunTime:0.002010s ]
INFO: [ app_begin ] --START--
INFO: Run Behavior\ReadHtmlCacheBehavior [ RunTime:0.000358s ]
INFO: [ app_begin ] --END-- [ RunTime:0.000453s ]
SQL: SHOW COLUMNS FROM `xh_menu` [ RunTime:0.0023s ]
SQL: SELECT `id`,`title`,`url` FROM `xh_menu` WHERE `pid` = 0 AND `hide` = 0 ORDER BY sort asc  [ RunTime:0.0004s ]
SQL: SELECT `pid` FROM `xh_menu` WHERE ( pid !=0 AND url like '%Config/save%' ) LIMIT 1   [ RunTime:0.0005s ]
SQL: SELECT * FROM `xh_menu` WHERE `id` = 70 LIMIT 1   [ RunTime:0.0003s ]
SQL: SELECT * FROM `xh_menu` WHERE `id` = 68 LIMIT 1   [ RunTime:0.0003s ]
SQL: SELECT DISTINCT  `group` FROM `xh_menu` WHERE `group` <> '' AND `pid` = 68  [ RunTime:0.0005s ]
SQL: SELECT `id`,`url` FROM `xh_menu` WHERE `pid` = 68 AND `hide` = 0  [ RunTime:0.0008s ]
SQL: SELECT `id`,`pid`,`title`,`url`,`tip` FROM `xh_menu` WHERE `group` = '系统设置' AND `pid` = 68 AND `hide` = 0 ORDER BY sort asc  [ RunTime:0.0010s ]
SQL: SELECT `id`,`pid`,`title`,`url`,`tip` FROM `xh_menu` WHERE `group` = '数据备份' AND `pid` = 68 AND `hide` = 0 ORDER BY sort asc  [ RunTime:0.0008s ]
SQL: SHOW COLUMNS FROM `xh_config` [ RunTime:0.0022s ]
SQL: UPDATE `xh_config` SET `value`='西湖创客汇' WHERE `name` = 'WEB_SITE_TITLE' [ RunTime:0.0002s ]
SQL: UPDATE `xh_config` SET `value`='西湖创客汇' WHERE `name` = 'WEB_SITE_DESCRIPTION' [ RunTime:0.0002s ]
SQL: UPDATE `xh_config` SET `value`='1' WHERE `name` = 'WEB_SITE_CLOSE' [ RunTime:0.0002s ]
SQL: UPDATE `xh_config` SET `value`='西湖创客汇，杭州，西湖' WHERE `name` = 'WEB_SITE_KEYWORD' [ RunTime:0.0002s ]
SQL: UPDATE `xh_config` SET `value`='' WHERE `name` = 'WEB_SITE_ICP' [ RunTime:0.0002s ]
SQL: UPDATE `xh_config` SET `value`='default_color' WHERE `name` = 'COLOR_STYLE' [ RunTime:0.0003s ]

[ 2015-09-26T12:49:11+08:00 ] ::1 /xihu/admin.php?s=/Config/group.html
INFO: [ app_init ] --START--
INFO: Run Behavior\BuildLiteBehavior [ RunTime:0.000017s ]
INFO: Run Common\Behavior\InitHookBehavior [ RunTime:0.000767s ]
INFO: [ app_init ] --END-- [ RunTime:0.001100s ]
INFO: [ app_begin ] --START--
INFO: Run Behavior\ReadHtmlCacheBehavior [ RunTime:0.000251s ]
INFO: [ app_begin ] --END-- [ RunTime:0.000317s ]
SQL: SHOW COLUMNS FROM `xh_config` [ RunTime:0.0036s ]
SQL: SELECT `type`,`name`,`value` FROM `xh_config` WHERE `status` = 1  [ RunTime:0.0006s ]
SQL: SHOW COLUMNS FROM `xh_menu` [ RunTime:0.0025s ]
SQL: SELECT `id`,`title`,`url` FROM `xh_menu` WHERE `pid` = 0 AND `hide` = 0 ORDER BY sort asc  [ RunTime:0.0005s ]
SQL: SELECT `pid` FROM `xh_menu` WHERE ( pid !=0 AND url like '%Config/group%' ) LIMIT 1   [ RunTime:0.0005s ]
SQL: SELECT * FROM `xh_menu` WHERE `id` = 68 LIMIT 1   [ RunTime:0.0006s ]
SQL: SELECT DISTINCT  `group` FROM `xh_menu` WHERE `group` <> '' AND `pid` = 68  [ RunTime:0.0011s ]
SQL: SELECT `id`,`url` FROM `xh_menu` WHERE `pid` = 68 AND `hide` = 0  [ RunTime:0.0009s ]
SQL: SELECT `id`,`pid`,`title`,`url`,`tip` FROM `xh_menu` WHERE `group` = '系统设置' AND `pid` = 68 AND `hide` = 0 ORDER BY sort asc  [ RunTime:0.0008s ]
SQL: SELECT `id`,`pid`,`title`,`url`,`tip` FROM `xh_menu` WHERE `group` = '数据备份' AND `pid` = 68 AND `hide` = 0 ORDER BY sort asc  [ RunTime:0.0007s ]
SQL: SELECT `id`,`name`,`title`,`extra`,`value`,`remark`,`type` FROM `xh_config` WHERE `status` = 1 AND `group` = 1 ORDER BY sort  [ RunTime:0.0005s ]
INFO: [ view_parse ] --START--
INFO: [ template_filter ] --START--
INFO: Run Behavior\ContentReplaceBehavior [ RunTime:0.000100s ]
INFO: [ template_filter ] --END-- [ RunTime:0.000175s ]
INFO: Run Behavior\ParseTemplateBehavior [ RunTime:0.024674s ]
INFO: [ view_parse ] --END-- [ RunTime:0.024768s ]
INFO: [ view_filter ] --START--
INFO: Run Behavior\WriteHtmlCacheBehavior [ RunTime:0.000234s ]
INFO: [ view_filter ] --END-- [ RunTime:0.000299s ]
INFO: [ app_end ] --START--
INFO: Run Behavior\ShowPageTraceBehavior [ RunTime:0.000578s ]
INFO: [ app_end ] --END-- [ RunTime:0.000738s ]

[ 2015-09-26T12:49:15+08:00 ] ::1 /xihu/admin.php?s=/Index/index.html
INFO: [ app_init ] --START--
INFO: Run Behavior\BuildLiteBehavior [ RunTime:0.000018s ]
INFO: Run Common\Behavior\InitHookBehavior [ RunTime:0.000775s ]
INFO: [ app_init ] --END-- [ RunTime:0.001069s ]
INFO: [ app_begin ] --START--
INFO: Run Behavior\ReadHtmlCacheBehavior [ RunTime:0.000244s ]
INFO: [ app_begin ] --END-- [ RunTime:0.000309s ]
SQL: SHOW COLUMNS FROM `xh_menu` [ RunTime:0.0048s ]
SQL: SELECT `id`,`title`,`url` FROM `xh_menu` WHERE `pid` = 0 AND `hide` = 0 ORDER BY sort asc  [ RunTime:0.0011s ]
SQL: SELECT `pid` FROM `xh_menu` WHERE ( pid !=0 AND url like '%Index/index%' ) LIMIT 1   [ RunTime:0.0008s ]
INFO: [ view_parse ] --START--
INFO: [ template_filter ] --START--
INFO: Run Behavior\ContentReplaceBehavior [ RunTime:0.000182s ]
INFO: [ template_filter ] --END-- [ RunTime:0.000320s ]
INFO: [ AdminIndex ] --START--
SQL: SHOW COLUMNS FROM `xh_addons` [ RunTime:0.0034s ]
SQL: SELECT `config` FROM `xh_addons` WHERE `name` = 'SiteStat' AND `status` = 1 LIMIT 1   [ RunTime:0.0004s ]
SQL: SHOW COLUMNS FROM `xh_member` [ RunTime:0.0026s ]
SQL: SELECT COUNT(*) AS tp_count FROM `xh_member` LIMIT 1   [ RunTime:0.0006s ]
SQL: SHOW COLUMNS FROM `xh_action_log` [ RunTime:0.0043s ]
SQL: SELECT COUNT(*) AS tp_count FROM `xh_action_log` LIMIT 1   [ RunTime:0.0008s ]
SQL: SHOW COLUMNS FROM `xh_document` [ RunTime:0.0057s ]
SQL: SELECT COUNT(*) AS tp_count FROM `xh_document` LIMIT 1   [ RunTime:0.0003s ]
SQL: SHOW COLUMNS FROM `xh_category` [ RunTime:0.0044s ]
SQL: SELECT COUNT(*) AS tp_count FROM `xh_category` LIMIT 1   [ RunTime:0.0004s ]
SQL: SHOW COLUMNS FROM `xh_model` [ RunTime:0.0047s ]
SQL: SELECT COUNT(*) AS tp_count FROM `xh_model` LIMIT 1   [ RunTime:0.0004s ]
INFO: [ view_parse ] --START--
INFO: [ template_filter ] --START--
INFO: Run Behavior\ContentReplaceBehavior [ RunTime:0.000041s ]
INFO: [ template_filter ] --END-- [ RunTime:-0.044410s ]
INFO: Run Behavior\ParseTemplateBehavior [ RunTime:0.007715s ]
INFO: [ view_parse ] --END-- [ RunTime:0.007915s ]
INFO: [ view_filter ] --START--
INFO: Run Behavior\WriteHtmlCacheBehavior [ RunTime:0.000308s ]
INFO: [ view_filter ] --END-- [ RunTime:0.000440s ]
INFO: Run Addons\SiteStat\SiteStatAddon [ RunTime:0.042282s ]
SQL: SELECT `config` FROM `xh_addons` WHERE `name` = 'SystemInfo' AND `status` = 1 LIMIT 1   [ RunTime:0.0006s ]
INFO: [ view_parse ] --START--
INFO: [ template_filter ] --START--
INFO: Run Behavior\ContentReplaceBehavior [ RunTime:0.000050s ]
INFO: [ template_filter ] --END-- [ RunTime:-0.666412s ]
SQL: select version() as v; [ RunTime:0.0002s ]
INFO: Run Behavior\ParseTemplateBehavior [ RunTime:0.004100s ]
INFO: [ view_parse ] --END-- [ RunTime:-0.612545s ]
INFO: [ view_filter ] --START--
INFO: Run Behavior\WriteHtmlCacheBehavior [ RunTime:0.000019s ]
INFO: [ view_filter ] --END-- [ RunTime:-0.616264s ]
INFO: Run Addons\SystemInfo\SystemInfoAddon [ RunTime:0.616301s ]
SQL: SELECT `config` FROM `xh_addons` WHERE `name` = 'DevTeam' AND `status` = 1 LIMIT 1   [ RunTime:0.0003s ]
INFO: [ view_parse ] --START--
INFO: [ template_filter ] --START--
INFO: Run Behavior\ContentReplaceBehavior [ RunTime:0.000045s ]
INFO: [ template_filter ] --END-- [ RunTime:-0.670101s ]
INFO: Run Behavior\ParseTemplateBehavior [ RunTime:0.001579s ]
INFO: [ view_parse ] --END-- [ RunTime:-0.617906s ]
INFO: [ view_filter ] --START--
INFO: Run Behavior\WriteHtmlCacheBehavior [ RunTime:0.000018s ]
INFO: [ view_filter ] --END-- [ RunTime:-0.619014s ]
INFO: Run Addons\DevTeam\DevTeamAddon [ RunTime:0.002703s ]
INFO: [ AdminIndex ] --END-- [ RunTime:0.661449s ]
INFO: Run Behavior\ParseTemplateBehavior [ RunTime:0.001879s ]
INFO: [ view_parse ] --END-- [ RunTime:-0.617906s ]
INFO: [ view_filter ] --START--
INFO: Run Behavior\WriteHtmlCacheBehavior [ RunTime:0.000016s ]
INFO: [ view_filter ] --END-- [ RunTime:-0.619303s ]
INFO: [ app_end ] --START--
INFO: Run Behavior\ShowPageTraceBehavior [ RunTime:0.000384s ]
INFO: [ app_end ] --END-- [ RunTime:0.000471s ]

[ 2015-09-26T12:49:26+08:00 ] ::1 /xihu/admin.php?s=/User/index.html
INFO: [ app_init ] --START--
INFO: Run Behavior\BuildLiteBehavior [ RunTime:0.000016s ]
INFO: Run Common\Behavior\InitHookBehavior [ RunTime:0.000850s ]
INFO: [ app_init ] --END-- [ RunTime:0.001133s ]
INFO: [ app_begin ] --START--
INFO: Run Behavior\ReadHtmlCacheBehavior [ RunTime:0.000266s ]
INFO: [ app_begin ] --END-- [ RunTime:0.000339s ]
SQL: SHOW COLUMNS FROM `xh_menu` [ RunTime:0.0023s ]
SQL: SELECT `id`,`title`,`url` FROM `xh_menu` WHERE `pid` = 0 AND `hide` = 0 ORDER BY sort asc  [ RunTime:0.0003s ]
SQL: SELECT `pid` FROM `xh_menu` WHERE ( pid !=0 AND url like '%User/index%' ) LIMIT 1   [ RunTime:0.0003s ]
SQL: SELECT * FROM `xh_menu` WHERE `id` = 16 LIMIT 1   [ RunTime:0.0002s ]
SQL: SELECT DISTINCT  `group` FROM `xh_menu` WHERE `group` <> '' AND `pid` = 16  [ RunTime:0.0004s ]
SQL: SELECT `id`,`url` FROM `xh_menu` WHERE `pid` = 16 AND `hide` = 0  [ RunTime:0.0003s ]
SQL: SELECT `id`,`pid`,`title`,`url`,`tip` FROM `xh_menu` WHERE `group` = '用户管理' AND `pid` = 16 AND `hide` = 0 ORDER BY sort asc  [ RunTime:0.0004s ]
SQL: SELECT `id`,`pid`,`title`,`url`,`tip` FROM `xh_menu` WHERE `group` = '行为管理' AND `pid` = 16 AND `hide` = 0 ORDER BY sort asc  [ RunTime:0.0005s ]
SQL: SHOW COLUMNS FROM `xh_member` [ RunTime:0.0053s ]
SQL: SELECT COUNT(*) AS tp_count FROM `xh_member` WHERE `status` >= 0 AND `nickname` LIKE '%%' LIMIT 1   [ RunTime:0.0003s ]
SQL: SELECT `uid`,`nickname`,`sex`,`birthday`,`qq`,`score`,`login`,`reg_ip`,`reg_time`,`last_login_ip`,`last_login_time`,`status` FROM `xh_member` WHERE `status` >= 0 AND `nickname` LIKE '%%' ORDER BY uid desc LIMIT 0,10   [ RunTime:0.0003s ]
INFO: [ view_parse ] --START--
INFO: [ template_filter ] --START--
INFO: Run Behavior\ContentReplaceBehavior [ RunTime:0.000116s ]
INFO: [ template_filter ] --END-- [ RunTime:0.000206s ]
INFO: Run Behavior\ParseTemplateBehavior [ RunTime:0.023444s ]
INFO: [ view_parse ] --END-- [ RunTime:0.023521s ]
INFO: [ view_filter ] --START--
INFO: Run Behavior\WriteHtmlCacheBehavior [ RunTime:0.000146s ]
INFO: [ view_filter ] --END-- [ RunTime:0.000213s ]
INFO: [ app_end ] --START--
INFO: Run Behavior\ShowPageTraceBehavior [ RunTime:0.000376s ]
INFO: [ app_end ] --END-- [ RunTime:0.000464s ]

[ 2015-09-26T12:49:27+08:00 ] ::1 /xihu/admin.php?s=/Config/group.html
INFO: [ app_init ] --START--
INFO: Run Behavior\BuildLiteBehavior [ RunTime:0.000017s ]
INFO: Run Common\Behavior\InitHookBehavior [ RunTime:0.001022s ]
INFO: [ app_init ] --END-- [ RunTime:0.001350s ]
INFO: [ app_begin ] --START--
INFO: Run Behavior\ReadHtmlCacheBehavior [ RunTime:0.000289s ]
INFO: [ app_begin ] --END-- [ RunTime:0.000381s ]
SQL: SHOW COLUMNS FROM `xh_menu` [ RunTime:0.0020s ]
SQL: SELECT `id`,`title`,`url` FROM `xh_menu` WHERE `pid` = 0 AND `hide` = 0 ORDER BY sort asc  [ RunTime:0.0003s ]
SQL: SELECT `pid` FROM `xh_menu` WHERE ( pid !=0 AND url like '%Config/group%' ) LIMIT 1   [ RunTime:0.0005s ]
SQL: SELECT * FROM `xh_menu` WHERE `id` = 68 LIMIT 1   [ RunTime:0.0002s ]
SQL: SELECT DISTINCT  `group` FROM `xh_menu` WHERE `group` <> '' AND `pid` = 68  [ RunTime:0.0003s ]
SQL: SELECT `id`,`url` FROM `xh_menu` WHERE `pid` = 68 AND `hide` = 0  [ RunTime:0.0002s ]
SQL: SELECT `id`,`pid`,`title`,`url`,`tip` FROM `xh_menu` WHERE `group` = '系统设置' AND `pid` = 68 AND `hide` = 0 ORDER BY sort asc  [ RunTime:0.0003s ]
SQL: SELECT `id`,`pid`,`title`,`url`,`tip` FROM `xh_menu` WHERE `group` = '数据备份' AND `pid` = 68 AND `hide` = 0 ORDER BY sort asc  [ RunTime:0.0003s ]
SQL: SHOW COLUMNS FROM `xh_config` [ RunTime:0.0024s ]
SQL: SELECT `id`,`name`,`title`,`extra`,`value`,`remark`,`type` FROM `xh_config` WHERE `status` = 1 AND `group` = 1 ORDER BY sort  [ RunTime:0.0004s ]
INFO: [ view_parse ] --START--
INFO: [ template_filter ] --START--
INFO: Run Behavior\ContentReplaceBehavior [ RunTime:0.000099s ]
INFO: [ template_filter ] --END-- [ RunTime:0.000172s ]
INFO: Run Behavior\ParseTemplateBehavior [ RunTime:0.027070s ]
INFO: [ view_parse ] --END-- [ RunTime:0.027146s ]
INFO: [ view_filter ] --START--
INFO: Run Behavior\WriteHtmlCacheBehavior [ RunTime:0.000153s ]
INFO: [ view_filter ] --END-- [ RunTime:0.000217s ]
INFO: [ app_end ] --START--
INFO: Run Behavior\ShowPageTraceBehavior [ RunTime:0.000393s ]
INFO: [ app_end ] --END-- [ RunTime:0.000518s ]

[ 2015-09-26T12:49:29+08:00 ] ::1 /xihu/admin.php?s=/Addons/index.html
INFO: [ app_init ] --START--
INFO: Run Behavior\BuildLiteBehavior [ RunTime:0.000019s ]
INFO: Run Common\Behavior\InitHookBehavior [ RunTime:0.000737s ]
INFO: [ app_init ] --END-- [ RunTime:0.001031s ]
INFO: [ app_begin ] --START--
INFO: Run Behavior\ReadHtmlCacheBehavior [ RunTime:0.000243s ]
INFO: [ app_begin ] --END-- [ RunTime:0.000308s ]
SQL: SHOW COLUMNS FROM `xh_addons` [ RunTime:0.0022s ]
SQL: SELECT `title`,`name` FROM `xh_addons` WHERE ( status=1 AND has_adminlist=1 )  [ RunTime:0.0003s ]
SQL: SHOW COLUMNS FROM `xh_menu` [ RunTime:0.0022s ]
SQL: SELECT `id`,`title`,`url` FROM `xh_menu` WHERE `pid` = 0 AND `hide` = 0 ORDER BY sort asc  [ RunTime:0.0003s ]
SQL: SELECT `pid` FROM `xh_menu` WHERE ( pid !=0 AND url like '%Addons/index%' ) LIMIT 1   [ RunTime:0.0003s ]
SQL: SELECT * FROM `xh_menu` WHERE `id` = 43 LIMIT 1   [ RunTime:0.0003s ]
SQL: SELECT DISTINCT  `group` FROM `xh_menu` WHERE `group` <> '' AND `pid` = 43  [ RunTime:0.0004s ]
SQL: SELECT `id`,`url` FROM `xh_menu` WHERE `pid` = 43 AND `hide` = 0  [ RunTime:0.0003s ]
SQL: SELECT `id`,`pid`,`title`,`url`,`tip` FROM `xh_menu` WHERE `group` = '扩展' AND `pid` = 43 AND `hide` = 0 ORDER BY sort asc  [ RunTime:0.0004s ]
SQL: SELECT `id`,`name`,`title`,`description`,`status`,`config`,`author`,`version`,`create_time`,`has_adminlist` FROM `xh_addons` WHERE `name` IN ('Attachment','DevTeam','Editor','EditorForAdmin','SiteStat','SocialComment','SystemInfo')  [ RunTime:0.0004s ]
INFO: [ view_parse ] --START--
INFO: [ template_filter ] --START--
INFO: Run Behavior\ContentReplaceBehavior [ RunTime:0.000099s ]
INFO: [ template_filter ] --END-- [ RunTime:0.000176s ]
SQL: SHOW COLUMNS FROM `xh_addons` [ RunTime:0.0045s ]
SQL: SELECT `config` FROM `xh_addons` WHERE `name` = 'Attachment' AND `status` = 1 LIMIT 1   [ RunTime:0.0008s ]
SQL: SELECT `config` FROM `xh_addons` WHERE `name` = 'SocialComment' AND `status` = 1 LIMIT 1   [ RunTime:0.0005s ]
SQL: SELECT `config` FROM `xh_addons` WHERE `name` = 'Editor' AND `status` = 1 LIMIT 1   [ RunTime:0.0007s ]
SQL: SELECT `config` FROM `xh_addons` WHERE `name` = 'SystemInfo' AND `status` = 1 LIMIT 1   [ RunTime:0.0006s ]
SQL: SELECT `config` FROM `xh_addons` WHERE `name` = 'SiteStat' AND `status` = 1 LIMIT 1   [ RunTime:0.0006s ]
SQL: SELECT `config` FROM `xh_addons` WHERE `name` = 'DevTeam' AND `status` = 1 LIMIT 1   [ RunTime:0.0003s ]
SQL: SELECT `config` FROM `xh_addons` WHERE `name` = 'EditorForAdmin' AND `status` = 1 LIMIT 1   [ RunTime:0.0004s ]
INFO: Run Behavior\ParseTemplateBehavior [ RunTime:0.061064s ]
INFO: [ view_parse ] --END-- [ RunTime:0.061138s ]
INFO: [ view_filter ] --START--
INFO: Run Behavior\WriteHtmlCacheBehavior [ RunTime:0.000141s ]
INFO: [ view_filter ] --END-- [ RunTime:0.000211s ]
INFO: [ app_end ] --START--
INFO: Run Behavior\ShowPageTraceBehavior [ RunTime:0.000422s ]
INFO: [ app_end ] --END-- [ RunTime:0.000510s ]

[ 2015-09-26T12:49:31+08:00 ] ::1 /xihu/admin.php?s=/Config/group.html
INFO: [ app_init ] --START--
INFO: Run Behavior\BuildLiteBehavior [ RunTime:0.000020s ]
INFO: Run Common\Behavior\InitHookBehavior [ RunTime:0.000994s ]
INFO: [ app_init ] --END-- [ RunTime:0.001314s ]
INFO: [ app_begin ] --START--
INFO: Run Behavior\ReadHtmlCacheBehavior [ RunTime:0.000290s ]
INFO: [ app_begin ] --END-- [ RunTime:0.000371s ]
SQL: SHOW COLUMNS FROM `xh_menu` [ RunTime:0.0023s ]
SQL: SELECT `id`,`title`,`url` FROM `xh_menu` WHERE `pid` = 0 AND `hide` = 0 ORDER BY sort asc  [ RunTime:0.0003s ]
SQL: SELECT `pid` FROM `xh_menu` WHERE ( pid !=0 AND url like '%Config/group%' ) LIMIT 1   [ RunTime:0.0004s ]
SQL: SELECT * FROM `xh_menu` WHERE `id` = 68 LIMIT 1   [ RunTime:0.0002s ]
SQL: SELECT DISTINCT  `group` FROM `xh_menu` WHERE `group` <> '' AND `pid` = 68  [ RunTime:0.0003s ]
SQL: SELECT `id`,`url` FROM `xh_menu` WHERE `pid` = 68 AND `hide` = 0  [ RunTime:0.0003s ]
SQL: SELECT `id`,`pid`,`title`,`url`,`tip` FROM `xh_menu` WHERE `group` = '系统设置' AND `pid` = 68 AND `hide` = 0 ORDER BY sort asc  [ RunTime:0.0004s ]
SQL: SELECT `id`,`pid`,`title`,`url`,`tip` FROM `xh_menu` WHERE `group` = '数据备份' AND `pid` = 68 AND `hide` = 0 ORDER BY sort asc  [ RunTime:0.0009s ]
SQL: SHOW COLUMNS FROM `xh_config` [ RunTime:0.0048s ]
SQL: SELECT `id`,`name`,`title`,`extra`,`value`,`remark`,`type` FROM `xh_config` WHERE `status` = 1 AND `group` = 1 ORDER BY sort  [ RunTime:0.0004s ]
INFO: [ view_parse ] --START--
INFO: [ template_filter ] --START--
INFO: Run Behavior\ContentReplaceBehavior [ RunTime:0.000126s ]
INFO: [ template_filter ] --END-- [ RunTime:0.000223s ]
INFO: Run Behavior\ParseTemplateBehavior [ RunTime:0.026933s ]
INFO: [ view_parse ] --END-- [ RunTime:0.027028s ]
INFO: [ view_filter ] --START--
INFO: Run Behavior\WriteHtmlCacheBehavior [ RunTime:0.000302s ]
INFO: [ view_filter ] --END-- [ RunTime:0.000395s ]
INFO: [ app_end ] --START--
INFO: Run Behavior\ShowPageTraceBehavior [ RunTime:0.001016s ]
INFO: [ app_end ] --END-- [ RunTime:0.001187s ]

[ 2015-09-26T12:49:32+08:00 ] ::1 /xihu/admin.php?s=/Addons/index.html
INFO: [ app_init ] --START--
INFO: Run Behavior\BuildLiteBehavior [ RunTime:0.000018s ]
INFO: Run Common\Behavior\InitHookBehavior [ RunTime:0.000755s ]
INFO: [ app_init ] --END-- [ RunTime:0.001035s ]
INFO: [ app_begin ] --START--
INFO: Run Behavior\ReadHtmlCacheBehavior [ RunTime:0.000305s ]
INFO: [ app_begin ] --END-- [ RunTime:0.000412s ]
SQL: SHOW COLUMNS FROM `xh_addons` [ RunTime:0.0023s ]
SQL: SELECT `title`,`name` FROM `xh_addons` WHERE ( status=1 AND has_adminlist=1 )  [ RunTime:0.0003s ]
SQL: SHOW COLUMNS FROM `xh_menu` [ RunTime:0.0035s ]
SQL: SELECT `id`,`title`,`url` FROM `xh_menu` WHERE `pid` = 0 AND `hide` = 0 ORDER BY sort asc  [ RunTime:0.0012s ]
SQL: SELECT `pid` FROM `xh_menu` WHERE ( pid !=0 AND url like '%Addons/index%' ) LIMIT 1   [ RunTime:0.0010s ]
SQL: SELECT * FROM `xh_menu` WHERE `id` = 43 LIMIT 1   [ RunTime:0.0010s ]
SQL: SELECT DISTINCT  `group` FROM `xh_menu` WHERE `group` <> '' AND `pid` = 43  [ RunTime:0.0004s ]
SQL: SELECT `id`,`url` FROM `xh_menu` WHERE `pid` = 43 AND `hide` = 0  [ RunTime:0.0002s ]
SQL: SELECT `id`,`pid`,`title`,`url`,`tip` FROM `xh_menu` WHERE `group` = '扩展' AND `pid` = 43 AND `hide` = 0 ORDER BY sort asc  [ RunTime:0.0002s ]
SQL: SELECT `id`,`name`,`title`,`description`,`status`,`config`,`author`,`version`,`create_time`,`has_adminlist` FROM `xh_addons` WHERE `name` IN ('Attachment','DevTeam','Editor','EditorForAdmin','SiteStat','SocialComment','SystemInfo')  [ RunTime:0.0003s ]
INFO: [ view_parse ] --START--
INFO: [ template_filter ] --START--
INFO: Run Behavior\ContentReplaceBehavior [ RunTime:0.000111s ]
INFO: [ template_filter ] --END-- [ RunTime:0.000205s ]
SQL: SHOW COLUMNS FROM `xh_addons` [ RunTime:0.0055s ]
SQL: SELECT `config` FROM `xh_addons` WHERE `name` = 'Attachment' AND `status` = 1 LIMIT 1   [ RunTime:0.0009s ]
SQL: SELECT `config` FROM `xh_addons` WHERE `name` = 'SocialComment' AND `status` = 1 LIMIT 1   [ RunTime:0.0011s ]
SQL: SELECT `config` FROM `xh_addons` WHERE `name` = 'Editor' AND `status` = 1 LIMIT 1   [ RunTime:0.0003s ]
SQL: SELECT `config` FROM `xh_addons` WHERE `name` = 'SystemInfo' AND `status` = 1 LIMIT 1   [ RunTime:0.0002s ]
SQL: SELECT `config` FROM `xh_addons` WHERE `name` = 'SiteStat' AND `status` = 1 LIMIT 1   [ RunTime:0.0002s ]
SQL: SELECT `config` FROM `xh_addons` WHERE `name` = 'DevTeam' AND `status` = 1 LIMIT 1   [ RunTime:0.0002s ]
SQL: SELECT `config` FROM `xh_addons` WHERE `name` = 'EditorForAdmin' AND `status` = 1 LIMIT 1   [ RunTime:0.0002s ]
INFO: Run Behavior\ParseTemplateBehavior [ RunTime:0.033169s ]
INFO: [ view_parse ] --END-- [ RunTime:0.033234s ]
INFO: [ view_filter ] --START--
INFO: Run Behavior\WriteHtmlCacheBehavior [ RunTime:0.000121s ]
INFO: [ view_filter ] --END-- [ RunTime:0.000181s ]
INFO: [ app_end ] --START--
INFO: Run Behavior\ShowPageTraceBehavior [ RunTime:0.000365s ]
INFO: [ app_end ] --END-- [ RunTime:0.000502s ]

[ 2015-09-26T12:49:40+08:00 ] ::1 /xihu/admin.php?s=/Index/index.html
INFO: [ app_init ] --START--
INFO: Run Behavior\BuildLiteBehavior [ RunTime:0.000037s ]
INFO: Run Common\Behavior\InitHookBehavior [ RunTime:0.002134s ]
INFO: [ app_init ] --END-- [ RunTime:0.002751s ]
INFO: [ app_begin ] --START--
INFO: Run Behavior\ReadHtmlCacheBehavior [ RunTime:0.000452s ]
INFO: [ app_begin ] --END-- [ RunTime:0.000571s ]
SQL: SHOW COLUMNS FROM `xh_menu` [ RunTime:0.0022s ]
SQL: SELECT `id`,`title`,`url` FROM `xh_menu` WHERE `pid` = 0 AND `hide` = 0 ORDER BY sort asc  [ RunTime:0.0004s ]
SQL: SELECT `pid` FROM `xh_menu` WHERE ( pid !=0 AND url like '%Index/index%' ) LIMIT 1   [ RunTime:0.0007s ]
INFO: [ view_parse ] --START--
INFO: [ template_filter ] --START--
INFO: Run Behavior\ContentReplaceBehavior [ RunTime:0.000123s ]
INFO: [ template_filter ] --END-- [ RunTime:0.000254s ]
INFO: [ AdminIndex ] --START--
SQL: SHOW COLUMNS FROM `xh_addons` [ RunTime:0.0038s ]
SQL: SELECT `config` FROM `xh_addons` WHERE `name` = 'SiteStat' AND `status` = 1 LIMIT 1   [ RunTime:0.0004s ]
SQL: SHOW COLUMNS FROM `xh_member` [ RunTime:0.0027s ]
SQL: SELECT COUNT(*) AS tp_count FROM `xh_member` LIMIT 1   [ RunTime:0.0005s ]
SQL: SHOW COLUMNS FROM `xh_action_log` [ RunTime:0.0053s ]
SQL: SELECT COUNT(*) AS tp_count FROM `xh_action_log` LIMIT 1   [ RunTime:0.0008s ]
SQL: SHOW COLUMNS FROM `xh_document` [ RunTime:0.0037s ]
SQL: SELECT COUNT(*) AS tp_count FROM `xh_document` LIMIT 1   [ RunTime:0.0002s ]
SQL: SHOW COLUMNS FROM `xh_category` [ RunTime:0.0035s ]
SQL: SELECT COUNT(*) AS tp_count FROM `xh_category` LIMIT 1   [ RunTime:0.0012s ]
SQL: SHOW COLUMNS FROM `xh_model` [ RunTime:0.0051s ]
SQL: SELECT COUNT(*) AS tp_count FROM `xh_model` LIMIT 1   [ RunTime:0.0006s ]
INFO: [ view_parse ] --START--
INFO: [ template_filter ] --START--
INFO: Run Behavior\ContentReplaceBehavior [ RunTime:0.000050s ]
INFO: [ template_filter ] --END-- [ RunTime:-0.045552s ]
INFO: Run Behavior\ParseTemplateBehavior [ RunTime:0.008414s ]
INFO: [ view_parse ] --END-- [ RunTime:0.008536s ]
INFO: [ view_filter ] --START--
INFO: Run Behavior\WriteHtmlCacheBehavior [ RunTime:0.000244s ]
INFO: [ view_filter ] --END-- [ RunTime:0.000330s ]
INFO: Run Addons\SiteStat\SiteStatAddon [ RunTime:0.043586s ]
SQL: SELECT `config` FROM `xh_addons` WHERE `name` = 'SystemInfo' AND `status` = 1 LIMIT 1   [ RunTime:0.0006s ]
INFO: [ view_parse ] --START--
INFO: [ template_filter ] --START--
INFO: Run Behavior\ContentReplaceBehavior [ RunTime:0.000050s ]
INFO: [ template_filter ] --END-- [ RunTime:-0.219959s ]
SQL: select version() as v; [ RunTime:0.0003s ]
INFO: Run Behavior\ParseTemplateBehavior [ RunTime:0.003713s ]
INFO: [ view_parse ] --END-- [ RunTime:-0.165613s ]
INFO: [ view_filter ] --START--
INFO: Run Behavior\WriteHtmlCacheBehavior [ RunTime:0.000037s ]
INFO: [ view_filter ] --END-- [ RunTime:-0.169134s ]
INFO: Run Addons\SystemInfo\SystemInfoAddon [ RunTime:0.169209s ]
SQL: SELECT `config` FROM `xh_addons` WHERE `name` = 'DevTeam' AND `status` = 1 LIMIT 1   [ RunTime:0.0007s ]
INFO: [ view_parse ] --START--
INFO: [ template_filter ] --START--
INFO: Run Behavior\ContentReplaceBehavior [ RunTime:0.000059s ]
INFO: [ template_filter ] --END-- [ RunTime:-0.224952s ]
INFO: Run Behavior\ParseTemplateBehavior [ RunTime:0.002274s ]
INFO: [ view_parse ] --END-- [ RunTime:-0.171449s ]
INFO: [ view_filter ] --START--
INFO: Run Behavior\WriteHtmlCacheBehavior [ RunTime:0.000025s ]
INFO: [ view_filter ] --END-- [ RunTime:-0.173511s ]
INFO: Run Addons\DevTeam\DevTeamAddon [ RunTime:0.004343s ]
INFO: [ AdminIndex ] --END-- [ RunTime:0.217361s ]
INFO: Run Behavior\ParseTemplateBehavior [ RunTime:0.002713s ]
INFO: [ view_parse ] --END-- [ RunTime:-0.171449s ]
INFO: [ view_filter ] --START--
INFO: Run Behavior\WriteHtmlCacheBehavior [ RunTime:0.000022s ]
INFO: [ view_filter ] --END-- [ RunTime:-0.173893s ]
INFO: [ app_end ] --START--
INFO: Run Behavior\ShowPageTraceBehavior [ RunTime:0.000372s ]
INFO: [ app_end ] --END-- [ RunTime:0.000467s ]

[ 2015-09-26T12:49:42+08:00 ] ::1 /xihu/admin.php?s=/Article/index.html
INFO: [ app_init ] --START--
INFO: Run Behavior\BuildLiteBehavior [ RunTime:0.000017s ]
INFO: Run Common\Behavior\InitHookBehavior [ RunTime:0.000762s ]
INFO: [ app_init ] --END-- [ RunTime:0.001049s ]
INFO: [ app_begin ] --START--
INFO: Run Behavior\ReadHtmlCacheBehavior [ RunTime:0.000261s ]
INFO: [ app_begin ] --END-- [ RunTime:0.000332s ]
SQL: SHOW COLUMNS FROM `xh_menu` [ RunTime:0.0020s ]
SQL: SELECT `id`,`title`,`url` FROM `xh_menu` WHERE `pid` = 0 AND `hide` = 0 ORDER BY sort asc  [ RunTime:0.0004s ]
SQL: SELECT `pid` FROM `xh_menu` WHERE ( pid !=0 AND url like '%Article/index%' ) LIMIT 1   [ RunTime:0.0002s ]
SQL: SELECT * FROM `xh_menu` WHERE `id` = 2 LIMIT 1   [ RunTime:0.0002s ]
SQL: SELECT DISTINCT  `group` FROM `xh_menu` WHERE `group` <> '' AND `pid` = 2  [ RunTime:0.0002s ]
SQL: SELECT `id`,`url` FROM `xh_menu` WHERE `pid` = 2 AND `hide` = 0  [ RunTime:0.0003s ]
SQL: SELECT `id`,`pid`,`title`,`url`,`tip` FROM `xh_menu` WHERE `group` = '内容' AND `pid` = 2 AND `hide` = 0 ORDER BY sort asc  [ RunTime:0.0003s ]
SQL: SHOW COLUMNS FROM `xh_auth_group_access` [ RunTime:0.0047s ]
SQL: SELECT `extend_id` FROM xh_auth_group_access g INNER JOIN xh_auth_extend c on g.group_id=c.group_id  WHERE ( g.uid='1' and c.type='1' and !isnull(extend_id) )  [ RunTime:0.0005s ]
SQL: SHOW COLUMNS FROM `xh_category` [ RunTime:0.0037s ]
SQL: SELECT `id`,`title`,`pid`,`allow_publish` FROM `xh_category` WHERE `status` = 1 ORDER BY pid,sort  [ RunTime:0.0003s ]
SQL: SHOW COLUMNS FROM `xh_model` [ RunTime:0.0018s ]
SQL: SELECT * FROM `xh_model` WHERE `name` = 'document' LIMIT 1   [ RunTime:0.0003s ]
SQL: SHOW COLUMNS FROM `xh_document` [ RunTime:0.0038s ]
SQL: SELECT COUNT(*) AS tp_count FROM xh_document DOCUMENT WHERE `status` IN ('0','1','2') AND `pid` = 0 LIMIT 1   [ RunTime:0.0003s ]
SQL: SELECT `id`,`title`,`type`,`update_time`,`status`,`view`,`category_id`,`model_id`,`pid` FROM xh_document DOCUMENT WHERE `status` IN ('0','1','2') AND `pid` = 0 ORDER BY level DESC,DOCUMENT.id DESC LIMIT 0,10   [ RunTime:0.0006s ]
SQL: SELECT `extend` FROM `xh_model` WHERE `id` = 1 LIMIT 1   [ RunTime:0.0005s ]
SQL: SHOW COLUMNS FROM `xh_attribute` [ RunTime:0.0027s ]
SQL: SELECT `id`,`name`,`type`,`extra` FROM `xh_attribute` WHERE `model_id` = 1  [ RunTime:0.0003s ]
NOTIC: [8] Undefined variable: groups /Users/zhuang/www/xihu/Application/Admin/Controller/ArticleController.class.php 第 231 行.
INFO: [ view_parse ] --START--
INFO: [ template_filter ] --START--
INFO: Run Behavior\ContentReplaceBehavior [ RunTime:0.000175s ]
INFO: [ template_filter ] --END-- [ RunTime:0.000250s ]
INFO: Run Behavior\ParseTemplateBehavior [ RunTime:0.046128s ]
INFO: [ view_parse ] --END-- [ RunTime:0.046203s ]
INFO: [ view_filter ] --START--
INFO: Run Behavior\WriteHtmlCacheBehavior [ RunTime:0.000143s ]
INFO: [ view_filter ] --END-- [ RunTime:0.000209s ]
INFO: [ app_end ] --START--
INFO: Run Behavior\ShowPageTraceBehavior [ RunTime:0.000367s ]
INFO: [ app_end ] --END-- [ RunTime:0.000460s ]

[ 2015-09-26T12:49:46+08:00 ] ::1 /xihu/admin.php?s=/article/mydocument.html
INFO: [ app_init ] --START--
INFO: Run Behavior\BuildLiteBehavior [ RunTime:0.000029s ]
INFO: Run Common\Behavior\InitHookBehavior [ RunTime:0.001247s ]
INFO: [ app_init ] --END-- [ RunTime:0.001581s ]
INFO: [ app_begin ] --START--
INFO: Run Behavior\ReadHtmlCacheBehavior [ RunTime:0.000849s ]
INFO: [ app_begin ] --END-- [ RunTime:0.001036s ]
SQL: SHOW COLUMNS FROM `xh_menu` [ RunTime:0.0028s ]
SQL: SELECT `id`,`title`,`url` FROM `xh_menu` WHERE `pid` = 0 AND `hide` = 0 ORDER BY sort asc  [ RunTime:0.0004s ]
SQL: SELECT `pid` FROM `xh_menu` WHERE ( pid !=0 AND url like '%Article/mydocument%' ) LIMIT 1   [ RunTime:0.0006s ]
SQL: SHOW COLUMNS FROM `xh_auth_group_access` [ RunTime:0.0046s ]
SQL: SELECT `extend_id` FROM xh_auth_group_access g INNER JOIN xh_auth_extend c on g.group_id=c.group_id  WHERE ( g.uid='1' and c.type='1' and !isnull(extend_id) )  [ RunTime:0.0004s ]
SQL: SHOW COLUMNS FROM `xh_category` [ RunTime:0.0047s ]
SQL: SELECT `id`,`title`,`pid`,`allow_publish` FROM `xh_category` WHERE `status` = 1 ORDER BY pid,sort  [ RunTime:0.0003s ]
SQL: SHOW COLUMNS FROM `xh_document` [ RunTime:0.0022s ]
SQL: SELECT COUNT(*) AS tp_count FROM `xh_document` WHERE `uid` = 1 AND `status` IN ('0','1','2') AND `pid` = 0 LIMIT 1   [ RunTime:0.0003s ]
SQL: SELECT `id`,`uid`,`name`,`title`,`category_id`,`group_id`,`description`,`root`,`pid`,`model_id`,`type`,`position`,`link_id`,`cover_id`,`display`,`deadline`,`attach`,`view`,`comment`,`extend`,`level`,`create_time`,`update_time`,`status` FROM `xh_document` WHERE `uid` = 1 AND `status` IN ('0','1','2') AND `pid` = 0 ORDER BY update_time desc LIMIT 0,10   [ RunTime:0.0003s ]
SQL: SHOW COLUMNS FROM `xh_model` [ RunTime:0.0035s ]
SQL: SELECT `extend` FROM `xh_model` WHERE `id` = 1 LIMIT 1   [ RunTime:0.0002s ]
SQL: SHOW COLUMNS FROM `xh_attribute` [ RunTime:0.0034s ]
SQL: SELECT `id`,`name`,`type`,`extra` FROM `xh_attribute` WHERE `model_id` = 1  [ RunTime:0.0008s ]
INFO: [ view_parse ] --START--
INFO: [ template_filter ] --START--
INFO: Run Behavior\ContentReplaceBehavior [ RunTime:0.000256s ]
INFO: [ template_filter ] --END-- [ RunTime:0.000422s ]
SQL: SELECT `title` FROM `xh_category` WHERE ( id=2 ) LIMIT 1   [ RunTime:0.0007s ]
INFO: Run Behavior\ParseTemplateBehavior [ RunTime:0.042737s ]
INFO: [ view_parse ] --END-- [ RunTime:0.042846s ]
INFO: [ view_filter ] --START--
INFO: Run Behavior\WriteHtmlCacheBehavior [ RunTime:0.000290s ]
INFO: [ view_filter ] --END-- [ RunTime:0.000373s ]
INFO: [ app_end ] --START--
INFO: Run Behavior\ShowPageTraceBehavior [ RunTime:0.000592s ]
INFO: [ app_end ] --END-- [ RunTime:0.000724s ]

[ 2015-09-26T12:50:11+08:00 ] ::1 /xihu/admin.php?s=/Article/index/cate_id/2.html
INFO: [ app_init ] --START--
INFO: Run Behavior\BuildLiteBehavior [ RunTime:0.000017s ]
INFO: Run Common\Behavior\InitHookBehavior [ RunTime:0.000708s ]
INFO: [ app_init ] --END-- [ RunTime:0.001026s ]
INFO: [ app_begin ] --START--
INFO: Run Behavior\ReadHtmlCacheBehavior [ RunTime:0.000267s ]
INFO: [ app_begin ] --END-- [ RunTime:0.000331s ]
SQL: SHOW COLUMNS FROM `xh_menu` [ RunTime:0.0027s ]
SQL: SELECT `id`,`title`,`url` FROM `xh_menu` WHERE `pid` = 0 AND `hide` = 0 ORDER BY sort asc  [ RunTime:0.0003s ]
SQL: SELECT `pid` FROM `xh_menu` WHERE ( pid !=0 AND url like '%Article/index%' ) LIMIT 1   [ RunTime:0.0002s ]
SQL: SELECT * FROM `xh_menu` WHERE `id` = 2 LIMIT 1   [ RunTime:0.0002s ]
SQL: SELECT DISTINCT  `group` FROM `xh_menu` WHERE `group` <> '' AND `pid` = 2  [ RunTime:0.0002s ]
SQL: SELECT `id`,`url` FROM `xh_menu` WHERE `pid` = 2 AND `hide` = 0  [ RunTime:0.0002s ]
SQL: SELECT `id`,`pid`,`title`,`url`,`tip` FROM `xh_menu` WHERE `group` = '内容' AND `pid` = 2 AND `hide` = 0 ORDER BY sort asc  [ RunTime:0.0002s ]
SQL: SHOW COLUMNS FROM `xh_auth_group_access` [ RunTime:0.0021s ]
SQL: SELECT `extend_id` FROM xh_auth_group_access g INNER JOIN xh_auth_extend c on g.group_id=c.group_id  WHERE ( g.uid='1' and c.type='1' and !isnull(extend_id) )  [ RunTime:0.0002s ]
SQL: SHOW COLUMNS FROM `xh_category` [ RunTime:0.0023s ]
SQL: SELECT `id`,`title`,`pid`,`allow_publish` FROM `xh_category` WHERE `status` = 1 ORDER BY pid,sort  [ RunTime:0.0004s ]
SQL: SELECT `id`,`title`,`pid` FROM `xh_category` WHERE `status` = 1 ORDER BY sort  [ RunTime:0.0002s ]
SQL: SHOW COLUMNS FROM `xh_model` [ RunTime:0.0044s ]
SQL: SELECT * FROM `xh_model` WHERE `name` = 'document' LIMIT 1   [ RunTime:0.0007s ]
SQL: SHOW COLUMNS FROM `xh_document` [ RunTime:0.0048s ]
SQL: SELECT COUNT(*) AS tp_count FROM xh_document DOCUMENT WHERE `status` IN ('0','1','2') AND `category_id` = 2 AND `pid` = 0 LIMIT 1   [ RunTime:0.0003s ]
SQL: SELECT `id`,`title`,`type`,`update_time`,`status`,`view`,`category_id`,`model_id`,`pid` FROM xh_document DOCUMENT WHERE `status` IN ('0','1','2') AND `category_id` = 2 AND `pid` = 0 ORDER BY level DESC,DOCUMENT.id DESC LIMIT 0,10   [ RunTime:0.0003s ]
SQL: SELECT `extend` FROM `xh_model` WHERE `id` = 1 LIMIT 1   [ RunTime:0.0004s ]
SQL: SHOW COLUMNS FROM `xh_attribute` [ RunTime:0.0041s ]
SQL: SELECT `id`,`name`,`type`,`extra` FROM `xh_attribute` WHERE `model_id` = 1  [ RunTime:0.0007s ]
INFO: [ view_parse ] --START--
INFO: [ template_filter ] --START--
INFO: Run Behavior\ContentReplaceBehavior [ RunTime:0.000167s ]
INFO: [ template_filter ] --END-- [ RunTime:0.000243s ]
SQL: SELECT `id`,`name`,`title`,`extend`,`relation`,`need_pk`,`field_sort`,`field_group`,`attribute_list`,`attribute_alias`,`template_list`,`template_add`,`template_edit`,`list_grid`,`list_row`,`search_key`,`search_list`,`create_time`,`update_time`,`status`,`engine_type` FROM `xh_model` WHERE `status` = 1 AND `extend` = 1  [ RunTime:0.0010s ]
INFO: Run Behavior\ParseTemplateBehavior [ RunTime:0.055517s ]
INFO: [ view_parse ] --END-- [ RunTime:0.055658s ]
INFO: [ view_filter ] --START--
INFO: Run Behavior\WriteHtmlCacheBehavior [ RunTime:0.000136s ]
INFO: [ view_filter ] --END-- [ RunTime:0.000193s ]
INFO: [ app_end ] --START--
INFO: Run Behavior\ShowPageTraceBehavior [ RunTime:0.000369s ]
INFO: [ app_end ] --END-- [ RunTime:0.000456s ]

[ 2015-09-26T12:50:18+08:00 ] ::1 /xihu/admin.php?s=/article/add/cate_id/2/model_id/2/pid/0.html
INFO: [ app_init ] --START--
INFO: Run Behavior\BuildLiteBehavior [ RunTime:0.000018s ]
INFO: Run Common\Behavior\InitHookBehavior [ RunTime:0.000799s ]
INFO: [ app_init ] --END-- [ RunTime:0.001094s ]
INFO: [ app_begin ] --START--
INFO: Run Behavior\ReadHtmlCacheBehavior [ RunTime:0.000266s ]
INFO: [ app_begin ] --END-- [ RunTime:0.000348s ]
SQL: SHOW COLUMNS FROM `xh_menu` [ RunTime:0.0041s ]
SQL: SELECT `id`,`title`,`url` FROM `xh_menu` WHERE `pid` = 0 AND `hide` = 0 ORDER BY sort asc  [ RunTime:0.0004s ]
SQL: SELECT `pid` FROM `xh_menu` WHERE ( pid !=0 AND url like '%Article/add%' ) LIMIT 1   [ RunTime:0.0003s ]
SQL: SELECT * FROM `xh_menu` WHERE `id` = 3 LIMIT 1   [ RunTime:0.0003s ]
SQL: SELECT * FROM `xh_menu` WHERE `id` = 2 LIMIT 1   [ RunTime:0.0002s ]
SQL: SELECT DISTINCT  `group` FROM `xh_menu` WHERE `group` <> '' AND `pid` = 2  [ RunTime:0.0002s ]
SQL: SELECT `id`,`url` FROM `xh_menu` WHERE `pid` = 2 AND `hide` = 0  [ RunTime:0.0002s ]
SQL: SELECT `id`,`pid`,`title`,`url`,`tip` FROM `xh_menu` WHERE `group` = '内容' AND `pid` = 2 AND `hide` = 0 ORDER BY sort asc  [ RunTime:0.0002s ]
SQL: SHOW COLUMNS FROM `xh_auth_group_access` [ RunTime:0.0023s ]
SQL: SELECT `extend_id` FROM xh_auth_group_access g INNER JOIN xh_auth_extend c on g.group_id=c.group_id  WHERE ( g.uid='1' and c.type='1' and !isnull(extend_id) )  [ RunTime:0.0003s ]
SQL: SHOW COLUMNS FROM `xh_category` [ RunTime:0.0045s ]
SQL: SELECT `id`,`title`,`pid`,`allow_publish` FROM `xh_category` WHERE `status` = 1 ORDER BY pid,sort  [ RunTime:0.0004s ]
SQL: SELECT `id`,`title`,`pid` FROM `xh_category` WHERE `status` = 1 ORDER BY sort  [ RunTime:0.0002s ]
SQL: SHOW COLUMNS FROM `xh_model` [ RunTime:0.0041s ]
SQL: SELECT `extend` FROM `xh_model` WHERE `id` = 2 LIMIT 1   [ RunTime:0.0007s ]
SQL: SHOW COLUMNS FROM `xh_attribute` [ RunTime:0.0048s ]
SQL: SELECT `id`,`name`,`title`,`field`,`type`,`value`,`remark`,`is_show`,`extra`,`model_id`,`is_must`,`status`,`update_time`,`create_time`,`validate_rule`,`validate_time`,`error_info`,`validate_type`,`auto_rule`,`auto_time`,`auto_type` FROM `xh_attribute` WHERE `model_id` IN ('2','1')  [ RunTime:0.0005s ]
SQL: SELECT `field_sort`,`attribute_list`,`attribute_alias` FROM `xh_model` WHERE `id` = 2 LIMIT 1   [ RunTime:0.0003s ]
SQL: SELECT `type` FROM `xh_category` WHERE `id` = 2 LIMIT 1   [ RunTime:0.0002s ]
INFO: [ view_parse ] --START--
INFO: [ template_filter ] --START--
INFO: Run Behavior\ContentReplaceBehavior [ RunTime:0.000232s ]
INFO: [ template_filter ] --END-- [ RunTime:0.000317s ]
INFO: [ adminArticleEdit ] --START--
SQL: SHOW COLUMNS FROM `xh_addons` [ RunTime:0.0020s ]
SQL: SELECT `config` FROM `xh_addons` WHERE `name` = 'EditorForAdmin' AND `status` = 1 LIMIT 1   [ RunTime:0.0002s ]
INFO: [ view_parse ] --START--
INFO: [ template_filter ] --START--
INFO: Run Behavior\ContentReplaceBehavior [ RunTime:0.000075s ]
INFO: [ template_filter ] --END-- [ RunTime:-0.020614s ]
INFO: Run Behavior\ParseTemplateBehavior [ RunTime:0.014426s ]
INFO: [ view_parse ] --END-- [ RunTime:0.014556s ]
INFO: [ view_filter ] --START--
INFO: Run Behavior\WriteHtmlCacheBehavior [ RunTime:0.000366s ]
INFO: [ view_filter ] --END-- [ RunTime:0.000495s ]
INFO: Run Addons\EditorForAdmin\EditorForAdminAddon [ RunTime:0.018546s ]
INFO: [ adminArticleEdit ] --END-- [ RunTime:0.018633s ]
INFO: Run Behavior\ParseTemplateBehavior [ RunTime:0.015851s ]
INFO: [ view_parse ] --END-- [ RunTime:0.014556s ]
INFO: [ view_filter ] --START--
INFO: Run Behavior\WriteHtmlCacheBehavior [ RunTime:0.000020s ]
INFO: [ view_filter ] --END-- [ RunTime:-0.000858s ]
INFO: [ app_end ] --START--
INFO: Run Behavior\ShowPageTraceBehavior [ RunTime:0.000496s ]
INFO: [ app_end ] --END-- [ RunTime:0.000586s ]

[ 2015-09-26T12:50:28+08:00 ] ::1 /xihu/admin.php?s=/Article/index/cate_id/2.html
INFO: [ app_init ] --START--
INFO: Run Behavior\BuildLiteBehavior [ RunTime:0.000030s ]
INFO: Run Common\Behavior\InitHookBehavior [ RunTime:0.001226s ]
INFO: [ app_init ] --END-- [ RunTime:0.001752s ]
INFO: [ app_begin ] --START--
INFO: Run Behavior\ReadHtmlCacheBehavior [ RunTime:0.000426s ]
INFO: [ app_begin ] --END-- [ RunTime:0.000509s ]
SQL: SHOW COLUMNS FROM `xh_menu` [ RunTime:0.0051s ]
SQL: SELECT `id`,`title`,`url` FROM `xh_menu` WHERE `pid` = 0 AND `hide` = 0 ORDER BY sort asc  [ RunTime:0.0008s ]
SQL: SELECT `pid` FROM `xh_menu` WHERE ( pid !=0 AND url like '%Article/index%' ) LIMIT 1   [ RunTime:0.0004s ]
SQL: SELECT * FROM `xh_menu` WHERE `id` = 2 LIMIT 1   [ RunTime:0.0003s ]
SQL: SELECT DISTINCT  `group` FROM `xh_menu` WHERE `group` <> '' AND `pid` = 2  [ RunTime:0.0003s ]
SQL: SELECT `id`,`url` FROM `xh_menu` WHERE `pid` = 2 AND `hide` = 0  [ RunTime:0.0003s ]
SQL: SELECT `id`,`pid`,`title`,`url`,`tip` FROM `xh_menu` WHERE `group` = '内容' AND `pid` = 2 AND `hide` = 0 ORDER BY sort asc  [ RunTime:0.0004s ]
SQL: SHOW COLUMNS FROM `xh_auth_group_access` [ RunTime:0.0029s ]
SQL: SELECT `extend_id` FROM xh_auth_group_access g INNER JOIN xh_auth_extend c on g.group_id=c.group_id  WHERE ( g.uid='1' and c.type='1' and !isnull(extend_id) )  [ RunTime:0.0002s ]
SQL: SHOW COLUMNS FROM `xh_category` [ RunTime:0.0046s ]
SQL: SELECT `id`,`title`,`pid`,`allow_publish` FROM `xh_category` WHERE `status` = 1 ORDER BY pid,sort  [ RunTime:0.0007s ]
SQL: SELECT `id`,`title`,`pid` FROM `xh_category` WHERE `status` = 1 ORDER BY sort  [ RunTime:0.0006s ]
SQL: SHOW COLUMNS FROM `xh_model` [ RunTime:0.0050s ]
SQL: SELECT * FROM `xh_model` WHERE `name` = 'document' LIMIT 1   [ RunTime:0.0004s ]
SQL: SHOW COLUMNS FROM `xh_document` [ RunTime:0.0022s ]
SQL: SELECT COUNT(*) AS tp_count FROM xh_document DOCUMENT WHERE `status` IN ('0','1','2') AND `category_id` = 2 AND `pid` = 0 LIMIT 1   [ RunTime:0.0003s ]
SQL: SELECT `id`,`title`,`type`,`update_time`,`status`,`view`,`category_id`,`model_id`,`pid` FROM xh_document DOCUMENT WHERE `status` IN ('0','1','2') AND `category_id` = 2 AND `pid` = 0 ORDER BY level DESC,DOCUMENT.id DESC LIMIT 0,10   [ RunTime:0.0008s ]
SQL: SELECT `extend` FROM `xh_model` WHERE `id` = 1 LIMIT 1   [ RunTime:0.0003s ]
SQL: SHOW COLUMNS FROM `xh_attribute` [ RunTime:0.0035s ]
SQL: SELECT `id`,`name`,`type`,`extra` FROM `xh_attribute` WHERE `model_id` = 1  [ RunTime:0.0006s ]
INFO: [ view_parse ] --START--
INFO: [ template_filter ] --START--
INFO: Run Behavior\ContentReplaceBehavior [ RunTime:0.000172s ]
INFO: [ template_filter ] --END-- [ RunTime:0.000249s ]
INFO: Run Behavior\ParseTemplateBehavior [ RunTime:0.051741s ]
INFO: [ view_parse ] --END-- [ RunTime:0.051837s ]
INFO: [ view_filter ] --START--
INFO: Run Behavior\WriteHtmlCacheBehavior [ RunTime:0.000186s ]
INFO: [ view_filter ] --END-- [ RunTime:0.000250s ]
INFO: [ app_end ] --START--
INFO: Run Behavior\ShowPageTraceBehavior [ RunTime:0.000666s ]
INFO: [ app_end ] --END-- [ RunTime:0.000809s ]

