[ 2015-09-29T14:12:20+08:00 ] ::1 /xihu/admin.php
INFO: [ app_init ] --START--
INFO: Run Behavior\BuildLiteBehavior [ RunTime:0.000039s ]
INFO: Run Common\Behavior\InitHookBehavior [ RunTime:0.010955s ]
INFO: [ app_init ] --END-- [ RunTime:0.012014s ]
INFO: [ app_begin ] --START--
INFO: Run Behavior\ReadHtmlCacheBehavior [ RunTime:0.002565s ]
INFO: [ app_begin ] --END-- [ RunTime:0.002757s ]

[ 2015-09-29T14:12:21+08:00 ] ::1 /xihu/admin.php?s=/Public/login.html
INFO: [ app_init ] --START--
INFO: Run Behavior\BuildLiteBehavior [ RunTime:0.000029s ]
INFO: Run Common\Behavior\InitHookBehavior [ RunTime:0.001218s ]
INFO: [ app_init ] --END-- [ RunTime:0.001679s ]
INFO: [ app_begin ] --START--
INFO: Run Behavior\ReadHtmlCacheBehavior [ RunTime:0.000358s ]
INFO: [ app_begin ] --END-- [ RunTime:0.000461s ]

[ 2015-09-29T14:12:21+08:00 ] ::1 /xihu/admin.php?s=/Public/verify.html
INFO: [ app_init ] --START--
INFO: Run Behavior\BuildLiteBehavior [ RunTime:0.000035s ]
INFO: Run Common\Behavior\InitHookBehavior [ RunTime:0.001272s ]
INFO: [ app_init ] --END-- [ RunTime:0.001836s ]
INFO: [ app_begin ] --START--
INFO: Run Behavior\ReadHtmlCacheBehavior [ RunTime:0.000298s ]
INFO: [ app_begin ] --END-- [ RunTime:0.000378s ]
INFO: [ app_end ] --START--
INFO: Run Behavior\ShowPageTraceBehavior [ RunTime:0.000365s ]
INFO: [ app_end ] --END-- [ RunTime:0.000455s ]

[ 2015-09-29T14:12:30+08:00 ] ::1 /xihu/admin.php?s=/Public/login.html
INFO: [ app_init ] --START--
INFO: Run Behavior\BuildLiteBehavior [ RunTime:0.000020s ]
INFO: Run Common\Behavior\InitHookBehavior [ RunTime:0.000907s ]
INFO: [ app_init ] --END-- [ RunTime:0.001286s ]
INFO: [ app_begin ] --START--
INFO: Run Behavior\ReadHtmlCacheBehavior [ RunTime:0.000384s ]
INFO: [ app_begin ] --END-- [ RunTime:0.000474s ]
NOTIC: [8] Undefined index: lite /Users/zhuang/www/xihu/ThinkPHP/Library/Think/Db.class.php 第 37 行.
ERR: SQLSTATE[HY000] [2002] Connection refused

[ 2015-09-29T14:12:31+08:00 ] ::1 /xihu/admin.php?s=/Public/login.html
INFO: [ app_init ] --START--
INFO: Run Behavior\BuildLiteBehavior [ RunTime:0.000019s ]
INFO: Run Common\Behavior\InitHookBehavior [ RunTime:0.000762s ]
INFO: [ app_init ] --END-- [ RunTime:0.001043s ]
INFO: [ app_begin ] --START--
INFO: Run Behavior\ReadHtmlCacheBehavior [ RunTime:0.000251s ]
INFO: [ app_begin ] --END-- [ RunTime:0.000309s ]

[ 2015-09-29T14:12:31+08:00 ] ::1 /xihu/admin.php?s=/Public/verify.html&random=0.49870665857372143
INFO: [ app_init ] --START--
INFO: Run Behavior\BuildLiteBehavior [ RunTime:0.000018s ]
INFO: Run Common\Behavior\InitHookBehavior [ RunTime:0.000773s ]
INFO: [ app_init ] --END-- [ RunTime:0.001132s ]
INFO: [ app_begin ] --START--
INFO: Run Behavior\ReadHtmlCacheBehavior [ RunTime:0.000256s ]
INFO: [ app_begin ] --END-- [ RunTime:0.000329s ]
INFO: [ app_end ] --START--
INFO: Run Behavior\ShowPageTraceBehavior [ RunTime:0.000312s ]
INFO: [ app_end ] --END-- [ RunTime:0.000391s ]

[ 2015-09-29T14:12:31+08:00 ] ::1 /xihu/admin.php?s=/Public/verify.html&random=0.540642039991842
INFO: [ app_init ] --START--
INFO: Run Behavior\BuildLiteBehavior [ RunTime:0.000027s ]
INFO: Run Common\Behavior\InitHookBehavior [ RunTime:0.001233s ]
INFO: [ app_init ] --END-- [ RunTime:0.001687s ]
INFO: [ app_begin ] --START--
INFO: Run Behavior\ReadHtmlCacheBehavior [ RunTime:0.000654s ]
INFO: [ app_begin ] --END-- [ RunTime:0.000802s ]
INFO: [ app_end ] --START--
INFO: Run Behavior\ShowPageTraceBehavior [ RunTime:0.000369s ]
INFO: [ app_end ] --END-- [ RunTime:0.000456s ]

[ 2015-09-29T14:12:39+08:00 ] ::1 /xihu/admin.php?s=/Public/login.html
INFO: [ app_init ] --START--
INFO: Run Behavior\BuildLiteBehavior [ RunTime:0.000024s ]
INFO: Run Common\Behavior\InitHookBehavior [ RunTime:0.001012s ]
INFO: [ app_init ] --END-- [ RunTime:0.001455s ]
INFO: [ app_begin ] --START--
INFO: Run Behavior\ReadHtmlCacheBehavior [ RunTime:0.000356s ]
INFO: [ app_begin ] --END-- [ RunTime:0.000433s ]

[ 2015-09-29T14:12:39+08:00 ] ::1 /xihu/admin.php?s=/Public/verify.html&random=0.17907719775850417
INFO: [ app_init ] --START--
INFO: Run Behavior\BuildLiteBehavior [ RunTime:0.000018s ]
INFO: Run Common\Behavior\InitHookBehavior [ RunTime:0.000732s ]
INFO: [ app_init ] --END-- [ RunTime:0.001023s ]
INFO: [ app_begin ] --START--
INFO: Run Behavior\ReadHtmlCacheBehavior [ RunTime:0.000267s ]
INFO: [ app_begin ] --END-- [ RunTime:0.000335s ]
INFO: [ app_end ] --START--
INFO: Run Behavior\ShowPageTraceBehavior [ RunTime:0.000421s ]
INFO: [ app_end ] --END-- [ RunTime:0.000520s ]

[ 2015-09-29T14:12:39+08:00 ] ::1 /xihu/admin.php?s=/Public/verify.html&random=0.3835782134425224
INFO: [ app_init ] --START--
INFO: Run Behavior\BuildLiteBehavior [ RunTime:0.000016s ]
INFO: Run Common\Behavior\InitHookBehavior [ RunTime:0.000744s ]
INFO: [ app_init ] --END-- [ RunTime:0.001004s ]
INFO: [ app_begin ] --START--
INFO: Run Behavior\ReadHtmlCacheBehavior [ RunTime:0.000362s ]
INFO: [ app_begin ] --END-- [ RunTime:0.000434s ]
INFO: [ app_end ] --START--
INFO: Run Behavior\ShowPageTraceBehavior [ RunTime:0.000333s ]
INFO: [ app_end ] --END-- [ RunTime:0.000415s ]

[ 2015-09-29T14:12:43+08:00 ] ::1 /xihu/admin.php?s=/Public/verify.html&random=0.2420798824006426
INFO: [ app_init ] --START--
INFO: Run Behavior\BuildLiteBehavior [ RunTime:0.000018s ]
INFO: Run Common\Behavior\InitHookBehavior [ RunTime:0.000773s ]
INFO: [ app_init ] --END-- [ RunTime:0.001061s ]
INFO: [ app_begin ] --START--
INFO: Run Behavior\ReadHtmlCacheBehavior [ RunTime:0.000269s ]
INFO: [ app_begin ] --END-- [ RunTime:0.000342s ]
INFO: [ app_end ] --START--
INFO: Run Behavior\ShowPageTraceBehavior [ RunTime:0.000309s ]
INFO: [ app_end ] --END-- [ RunTime:0.000388s ]

[ 2015-09-29T14:12:53+08:00 ] ::1 /xihu/admin.php?s=/Public/login.html
INFO: [ app_init ] --START--
INFO: Run Behavior\BuildLiteBehavior [ RunTime:0.000054s ]
INFO: Run Common\Behavior\InitHookBehavior [ RunTime:0.000969s ]
INFO: [ app_init ] --END-- [ RunTime:0.001525s ]
INFO: [ app_begin ] --START--
INFO: Run Behavior\ReadHtmlCacheBehavior [ RunTime:0.000278s ]
INFO: [ app_begin ] --END-- [ RunTime:0.000345s ]
NOTIC: [8] Undefined index: lite /Users/zhuang/www/xihu/ThinkPHP/Library/Think/Db.class.php 第 37 行.
ERR: SQLSTATE[HY000] [2002] Connection refused

[ 2015-09-29T14:13:01+08:00 ] ::1 /xihu/admin.php?s=/Public/login.html
INFO: [ app_init ] --START--
INFO: Run Behavior\BuildLiteBehavior [ RunTime:0.000018s ]
INFO: Run Common\Behavior\InitHookBehavior [ RunTime:0.000818s ]
INFO: [ app_init ] --END-- [ RunTime:0.001121s ]
INFO: [ app_begin ] --START--
INFO: Run Behavior\ReadHtmlCacheBehavior [ RunTime:0.000341s ]
INFO: [ app_begin ] --END-- [ RunTime:0.000422s ]

[ 2015-09-29T14:13:01+08:00 ] ::1 /xihu/admin.php?s=/Public/verify.html&random=0.5348649638897253
INFO: [ app_init ] --START--
INFO: Run Behavior\BuildLiteBehavior [ RunTime:0.000019s ]
INFO: Run Common\Behavior\InitHookBehavior [ RunTime:0.000813s ]
INFO: [ app_init ] --END-- [ RunTime:0.001124s ]
INFO: [ app_begin ] --START--
INFO: Run Behavior\ReadHtmlCacheBehavior [ RunTime:0.000447s ]
INFO: [ app_begin ] --END-- [ RunTime:0.000563s ]
INFO: [ app_end ] --START--
INFO: Run Behavior\ShowPageTraceBehavior [ RunTime:0.000364s ]
INFO: [ app_end ] --END-- [ RunTime:0.000449s ]

[ 2015-09-29T14:13:01+08:00 ] ::1 /xihu/admin.php?s=/Public/verify.html&random=0.18485457178785114
INFO: [ app_init ] --START--
INFO: Run Behavior\BuildLiteBehavior [ RunTime:0.000017s ]
INFO: Run Common\Behavior\InitHookBehavior [ RunTime:0.000765s ]
INFO: [ app_init ] --END-- [ RunTime:0.001082s ]
INFO: [ app_begin ] --START--
INFO: Run Behavior\ReadHtmlCacheBehavior [ RunTime:0.000323s ]
INFO: [ app_begin ] --END-- [ RunTime:0.000408s ]
INFO: [ app_end ] --START--
INFO: Run Behavior\ShowPageTraceBehavior [ RunTime:0.000374s ]
INFO: [ app_end ] --END-- [ RunTime:0.000460s ]

[ 2015-09-29T14:13:09+08:00 ] ::1 /xihu/admin.php?s=/Public/login.html
INFO: [ app_init ] --START--
INFO: Run Behavior\BuildLiteBehavior [ RunTime:0.000016s ]
INFO: Run Common\Behavior\InitHookBehavior [ RunTime:0.000764s ]
INFO: [ app_init ] --END-- [ RunTime:0.001047s ]
INFO: [ app_begin ] --START--
INFO: Run Behavior\ReadHtmlCacheBehavior [ RunTime:0.000255s ]
INFO: [ app_begin ] --END-- [ RunTime:0.000316s ]

[ 2015-09-29T14:13:09+08:00 ] ::1 /xihu/admin.php?s=/Public/verify.html&random=0.32468997048106485
INFO: [ app_init ] --START--
INFO: Run Behavior\BuildLiteBehavior [ RunTime:0.000018s ]
INFO: Run Common\Behavior\InitHookBehavior [ RunTime:0.000727s ]
INFO: [ app_init ] --END-- [ RunTime:0.000997s ]
INFO: [ app_begin ] --START--
INFO: Run Behavior\ReadHtmlCacheBehavior [ RunTime:0.000259s ]
INFO: [ app_begin ] --END-- [ RunTime:0.000328s ]
INFO: [ app_end ] --START--
INFO: Run Behavior\ShowPageTraceBehavior [ RunTime:0.000572s ]
INFO: [ app_end ] --END-- [ RunTime:0.000683s ]

[ 2015-09-29T14:13:09+08:00 ] ::1 /xihu/admin.php?s=/Public/verify.html&random=0.8008103421735994
INFO: [ app_init ] --START--
INFO: Run Behavior\BuildLiteBehavior [ RunTime:0.000017s ]
INFO: Run Common\Behavior\InitHookBehavior [ RunTime:0.000772s ]
INFO: [ app_init ] --END-- [ RunTime:0.001077s ]
INFO: [ app_begin ] --START--
INFO: Run Behavior\ReadHtmlCacheBehavior [ RunTime:0.000322s ]
INFO: [ app_begin ] --END-- [ RunTime:0.000397s ]
INFO: [ app_end ] --START--
INFO: Run Behavior\ShowPageTraceBehavior [ RunTime:0.000347s ]
INFO: [ app_end ] --END-- [ RunTime:0.000436s ]

[ 2015-09-29T14:13:11+08:00 ] ::1 /xihu/admin.php?s=/Public/login.html
INFO: [ app_init ] --START--
INFO: Run Behavior\BuildLiteBehavior [ RunTime:0.000016s ]
INFO: Run Common\Behavior\InitHookBehavior [ RunTime:0.000764s ]
INFO: [ app_init ] --END-- [ RunTime:0.001046s ]
INFO: [ app_begin ] --START--
INFO: Run Behavior\ReadHtmlCacheBehavior [ RunTime:0.000446s ]
INFO: [ app_begin ] --END-- [ RunTime:0.000547s ]

[ 2015-09-29T14:13:11+08:00 ] ::1 /xihu/admin.php?s=/Public/verify.html
INFO: [ app_init ] --START--
INFO: Run Behavior\BuildLiteBehavior [ RunTime:0.000027s ]
INFO: Run Common\Behavior\InitHookBehavior [ RunTime:0.001446s ]
INFO: [ app_init ] --END-- [ RunTime:0.001954s ]
INFO: [ app_begin ] --START--
INFO: Run Behavior\ReadHtmlCacheBehavior [ RunTime:0.000978s ]
INFO: [ app_begin ] --END-- [ RunTime:0.001462s ]
INFO: [ app_end ] --START--
INFO: Run Behavior\ShowPageTraceBehavior [ RunTime:0.001058s ]
INFO: [ app_end ] --END-- [ RunTime:0.001307s ]

[ 2015-09-29T14:13:12+08:00 ] ::1 /xihu/admin.php?s=/Public/login.html
INFO: [ app_init ] --START--
INFO: Run Behavior\BuildLiteBehavior [ RunTime:0.000017s ]
INFO: Run Common\Behavior\InitHookBehavior [ RunTime:0.000738s ]
INFO: [ app_init ] --END-- [ RunTime:0.001013s ]
INFO: [ app_begin ] --START--
INFO: Run Behavior\ReadHtmlCacheBehavior [ RunTime:0.000244s ]
INFO: [ app_begin ] --END-- [ RunTime:0.000315s ]

[ 2015-09-29T14:13:12+08:00 ] ::1 /xihu/admin.php?s=/Public/verify.html
INFO: [ app_init ] --START--
INFO: Run Behavior\BuildLiteBehavior [ RunTime:0.000030s ]
INFO: Run Common\Behavior\InitHookBehavior [ RunTime:0.001446s ]
INFO: [ app_init ] --END-- [ RunTime:0.001884s ]
INFO: [ app_begin ] --START--
INFO: Run Behavior\ReadHtmlCacheBehavior [ RunTime:0.000568s ]
INFO: [ app_begin ] --END-- [ RunTime:0.000699s ]
INFO: [ app_end ] --START--
INFO: Run Behavior\ShowPageTraceBehavior [ RunTime:0.000916s ]
INFO: [ app_end ] --END-- [ RunTime:0.001154s ]

[ 2015-09-29T14:13:13+08:00 ] ::1 /xihu/admin.php?s=/Public/login.html
INFO: [ app_init ] --START--
INFO: Run Behavior\BuildLiteBehavior [ RunTime:0.000019s ]
INFO: Run Common\Behavior\InitHookBehavior [ RunTime:0.000812s ]
INFO: [ app_init ] --END-- [ RunTime:0.001111s ]
INFO: [ app_begin ] --START--
INFO: Run Behavior\ReadHtmlCacheBehavior [ RunTime:0.000257s ]
INFO: [ app_begin ] --END-- [ RunTime:0.000328s ]

[ 2015-09-29T14:13:13+08:00 ] ::1 /xihu/admin.php?s=/Public/verify.html
INFO: [ app_init ] --START--
INFO: Run Behavior\BuildLiteBehavior [ RunTime:0.000055s ]
INFO: Run Common\Behavior\InitHookBehavior [ RunTime:0.001641s ]
INFO: [ app_init ] --END-- [ RunTime:0.002660s ]
INFO: [ app_begin ] --START--
INFO: Run Behavior\ReadHtmlCacheBehavior [ RunTime:0.000962s ]
INFO: [ app_begin ] --END-- [ RunTime:0.001164s ]
INFO: [ app_end ] --START--
INFO: Run Behavior\ShowPageTraceBehavior [ RunTime:0.000459s ]
INFO: [ app_end ] --END-- [ RunTime:0.000587s ]

[ 2015-09-29T14:13:21+08:00 ] ::1 /xihu/admin.php?s=/Public/verify.html&random=0.21164918382564635
INFO: [ app_init ] --START--
INFO: Run Behavior\BuildLiteBehavior [ RunTime:0.000033s ]
INFO: Run Common\Behavior\InitHookBehavior [ RunTime:0.001294s ]
INFO: [ app_init ] --END-- [ RunTime:0.001878s ]
INFO: [ app_begin ] --START--
INFO: Run Behavior\ReadHtmlCacheBehavior [ RunTime:0.000601s ]
INFO: [ app_begin ] --END-- [ RunTime:0.000722s ]
INFO: [ app_end ] --START--
INFO: Run Behavior\ShowPageTraceBehavior [ RunTime:0.000372s ]
INFO: [ app_end ] --END-- [ RunTime:0.000458s ]

[ 2015-09-29T14:13:26+08:00 ] ::1 /xihu/admin.php?s=/Public/login.html
INFO: [ app_init ] --START--
INFO: Run Behavior\BuildLiteBehavior [ RunTime:0.000018s ]
INFO: Run Common\Behavior\InitHookBehavior [ RunTime:0.000722s ]
INFO: [ app_init ] --END-- [ RunTime:0.000997s ]
INFO: [ app_begin ] --START--
INFO: Run Behavior\ReadHtmlCacheBehavior [ RunTime:0.000237s ]
INFO: [ app_begin ] --END-- [ RunTime:0.000296s ]
NOTIC: [8] Undefined index: lite /Users/zhuang/www/xihu/ThinkPHP/Library/Think/Db.class.php 第 37 行.
ERR: SQLSTATE[HY000] [2002] Connection refused

[ 2015-09-29T14:13:29+08:00 ] ::1 /xihu/admin.php?s=/Public/login.html
INFO: [ app_init ] --START--
INFO: Run Behavior\BuildLiteBehavior [ RunTime:0.000031s ]
INFO: Run Common\Behavior\InitHookBehavior [ RunTime:0.001287s ]
INFO: [ app_init ] --END-- [ RunTime:0.001781s ]
INFO: [ app_begin ] --START--
INFO: Run Behavior\ReadHtmlCacheBehavior [ RunTime:0.000280s ]
INFO: [ app_begin ] --END-- [ RunTime:0.000349s ]

[ 2015-09-29T14:13:29+08:00 ] ::1 /xihu/admin.php?s=/Public/verify.html&random=0.46855609124782727
INFO: [ app_init ] --START--
INFO: Run Behavior\BuildLiteBehavior [ RunTime:0.000020s ]
INFO: Run Common\Behavior\InitHookBehavior [ RunTime:0.000797s ]
INFO: [ app_init ] --END-- [ RunTime:0.001120s ]
INFO: [ app_begin ] --START--
INFO: Run Behavior\ReadHtmlCacheBehavior [ RunTime:0.000275s ]
INFO: [ app_begin ] --END-- [ RunTime:0.000356s ]
INFO: [ app_end ] --START--
INFO: Run Behavior\ShowPageTraceBehavior [ RunTime:0.000362s ]
INFO: [ app_end ] --END-- [ RunTime:0.000449s ]

[ 2015-09-29T14:13:29+08:00 ] ::1 /xihu/admin.php?s=/Public/verify.html&random=0.30525564482296175
INFO: [ app_init ] --START--
INFO: Run Behavior\BuildLiteBehavior [ RunTime:0.000026s ]
INFO: Run Common\Behavior\InitHookBehavior [ RunTime:0.001445s ]
INFO: [ app_init ] --END-- [ RunTime:0.001886s ]
INFO: [ app_begin ] --START--
INFO: Run Behavior\ReadHtmlCacheBehavior [ RunTime:0.000423s ]
INFO: [ app_begin ] --END-- [ RunTime:0.000552s ]
INFO: [ app_end ] --START--
INFO: Run Behavior\ShowPageTraceBehavior [ RunTime:0.000386s ]
INFO: [ app_end ] --END-- [ RunTime:0.000483s ]

[ 2015-09-29T14:13:53+08:00 ] ::1 /xihu/admin.php?s=/Public/login.html
INFO: [ app_init ] --START--
INFO: Run Behavior\BuildLiteBehavior [ RunTime:0.000016s ]
INFO: Run Common\Behavior\InitHookBehavior [ RunTime:0.000714s ]
INFO: [ app_init ] --END-- [ RunTime:0.000978s ]
INFO: [ app_begin ] --START--
INFO: Run Behavior\ReadHtmlCacheBehavior [ RunTime:0.000240s ]
INFO: [ app_begin ] --END-- [ RunTime:0.000298s ]
NOTIC: [8] Undefined index: lite /Users/zhuang/www/xihu/ThinkPHP/Library/Think/Db.class.php 第 37 行.
SQL: SHOW COLUMNS FROM `xh_member` [ RunTime:0.0035s ]
SQL: SELECT `uid`,`nickname`,`sex`,`birthday`,`qq`,`score`,`login`,`reg_ip`,`reg_time`,`last_login_ip`,`last_login_time`,`status` FROM `xh_member` WHERE `uid` = 1 LIMIT 1   [ RunTime:0.0014s ]
SQL: SHOW COLUMNS FROM `xh_action` [ RunTime:0.0031s ]
SQL: SELECT * FROM `xh_action` WHERE `name` = 'user_login' LIMIT 1   [ RunTime:0.0015s ]
SQL: SHOW COLUMNS FROM `xh_action_log` [ RunTime:0.0052s ]
SQL: INSERT INTO `xh_action_log` (`action_id`,`user_id`,`action_ip`,`model`,`record_id`,`create_time`,`remark`) VALUES ('1','1','0','member','1','1443507233','admin在2015-09-29 14:13登录了后台') [ RunTime:0.0021s ]
SQL: SELECT * FROM `xh_action` WHERE `name` = 'user_login' LIMIT 1   [ RunTime:0.0005s ]
NOTIC: [8] Undefined offset: 1 /Users/zhuang/www/xihu/Application/Common/Common/function.php 第 679 行.
NOTIC: [2] array_key_exists() expects parameter 2 to be array, null given /Users/zhuang/www/xihu/Application/Common/Common/function.php 第 679 行.
SQL: SELECT COUNT(*) AS tp_count FROM `xh_action_log` WHERE `action_id` = 1 AND `user_id` = 1 AND `create_time` > 1443420833 LIMIT 1   [ RunTime:0.0045s ]
SQL: SHOW COLUMNS FROM `xh_member` [ RunTime:0.0029s ]
SQL: UPDATE `xh_member` SET `score`=score+10 WHERE ( uid=1 AND status>-1 ) [ RunTime:0.0004s ]
SQL: UPDATE `xh_member` SET `login`=`login`+1,`last_login_time`='1443507233',`last_login_ip`='0' WHERE `uid` = 1 [ RunTime:0.0002s ]

[ 2015-09-29T14:13:54+08:00 ] ::1 /xihu/admin.php?s=/Index/index.html
INFO: [ app_init ] --START--
INFO: Run Behavior\BuildLiteBehavior [ RunTime:0.000018s ]
INFO: Run Common\Behavior\InitHookBehavior [ RunTime:0.002034s ]
INFO: [ app_init ] --END-- [ RunTime:0.002550s ]
INFO: [ app_begin ] --START--
INFO: Run Behavior\ReadHtmlCacheBehavior [ RunTime:0.000868s ]
INFO: [ app_begin ] --END-- [ RunTime:0.001059s ]

[ 2015-09-29T14:13:56+08:00 ] ::1 /xihu/admin.php?s=/Article/index.html
INFO: [ app_init ] --START--
INFO: Run Behavior\BuildLiteBehavior [ RunTime:0.000016s ]
INFO: Run Common\Behavior\InitHookBehavior [ RunTime:0.000755s ]
INFO: [ app_init ] --END-- [ RunTime:0.001030s ]
INFO: [ app_begin ] --START--
INFO: Run Behavior\ReadHtmlCacheBehavior [ RunTime:0.000382s ]
INFO: [ app_begin ] --END-- [ RunTime:0.000465s ]

[ 2015-09-29T14:14:06+08:00 ] ::1 /xihu/admin.php?s=/Article/index/cate_id/40.html
INFO: [ app_init ] --START--
INFO: Run Behavior\BuildLiteBehavior [ RunTime:0.000029s ]
INFO: Run Common\Behavior\InitHookBehavior [ RunTime:0.000999s ]
INFO: [ app_init ] --END-- [ RunTime:0.001449s ]
INFO: [ app_begin ] --START--
INFO: Run Behavior\ReadHtmlCacheBehavior [ RunTime:0.000458s ]
INFO: [ app_begin ] --END-- [ RunTime:0.000581s ]

[ 2015-09-29T14:14:07+08:00 ] ::1 /xihu/admin.php?s=/Article/index/cate_id/39.html
INFO: [ app_init ] --START--
INFO: Run Behavior\BuildLiteBehavior [ RunTime:0.000019s ]
INFO: Run Common\Behavior\InitHookBehavior [ RunTime:0.000925s ]
INFO: [ app_init ] --END-- [ RunTime:0.001239s ]
INFO: [ app_begin ] --START--
INFO: Run Behavior\ReadHtmlCacheBehavior [ RunTime:0.000320s ]
INFO: [ app_begin ] --END-- [ RunTime:0.000412s ]

[ 2015-09-29T14:14:08+08:00 ] ::1 /xihu/admin.php?s=/article/add/cate_id/39/pid/0/model_id/4.html
INFO: [ app_init ] --START--
INFO: Run Behavior\BuildLiteBehavior [ RunTime:0.000016s ]
INFO: Run Common\Behavior\InitHookBehavior [ RunTime:0.000705s ]
INFO: [ app_init ] --END-- [ RunTime:0.000961s ]
INFO: [ app_begin ] --START--
INFO: Run Behavior\ReadHtmlCacheBehavior [ RunTime:0.000239s ]
INFO: [ app_begin ] --END-- [ RunTime:0.000309s ]

[ 2015-09-29T14:15:10+08:00 ] ::1 /xihu/admin.php?s=/article/autoSave.html
INFO: [ app_init ] --START--
INFO: Run Behavior\BuildLiteBehavior [ RunTime:0.000026s ]
INFO: Run Common\Behavior\InitHookBehavior [ RunTime:0.000918s ]
INFO: [ app_init ] --END-- [ RunTime:0.001396s ]
INFO: [ app_begin ] --START--
INFO: Run Behavior\ReadHtmlCacheBehavior [ RunTime:0.000341s ]
INFO: [ app_begin ] --END-- [ RunTime:0.000415s ]
SQL: SHOW COLUMNS FROM `xh_menu` [ RunTime:0.0022s ]
SQL: SELECT `id`,`title`,`url` FROM `xh_menu` WHERE `pid` = 0 AND `hide` = 0 ORDER BY sort asc  [ RunTime:0.0003s ]
SQL: SELECT `pid` FROM `xh_menu` WHERE ( pid !=0 AND url like '%Article/autoSave%' ) LIMIT 1   [ RunTime:0.0003s ]
SQL: SELECT * FROM `xh_menu` WHERE `id` = 3 LIMIT 1   [ RunTime:0.0002s ]
SQL: SELECT * FROM `xh_menu` WHERE `id` = 2 LIMIT 1   [ RunTime:0.0002s ]
SQL: SELECT DISTINCT  `group` FROM `xh_menu` WHERE `group` <> '' AND `pid` = 2  [ RunTime:0.0002s ]
SQL: SELECT `id`,`url` FROM `xh_menu` WHERE `pid` = 2 AND `hide` = 0  [ RunTime:0.0002s ]
SQL: SELECT `id`,`pid`,`title`,`url`,`tip` FROM `xh_menu` WHERE `group` = '内容' AND `pid` = 2 AND `hide` = 0 ORDER BY sort asc  [ RunTime:0.0003s ]
SQL: SHOW COLUMNS FROM `xh_document` [ RunTime:0.0068s ]
NOTIC: [8] Undefined index: name /Users/zhuang/www/xihu/ThinkPHP/Library/Think/Model.class.php 第 1204 行.
NOTIC: [8] Undefined index: name /Users/zhuang/www/xihu/ThinkPHP/Library/Think/Model.class.php 第 1204 行.
NOTIC: [8] Undefined index: type /Users/zhuang/www/xihu/ThinkPHP/Library/Think/Model.class.php 第 1260 行.
NOTIC: [2] call_user_func_array() expects parameter 1 to be a valid callback, function 'check_catgory_model' not found or invalid function name /Users/zhuang/www/xihu/ThinkPHP/Library/Think/Model.class.php 第 1266 行.
SQL: SHOW COLUMNS FROM `xh_category` [ RunTime:0.0024s ]
SQL: SELECT `check` FROM `xh_category` WHERE `id` = 39 LIMIT 1   [ RunTime:0.0003s ]
SQL: INSERT INTO `xh_document` (`title`,`cover_id`,`description`,`link_id`,`create_time`,`display`,`view`,`id`,`pid`,`model_id`,`group_id`,`category_id`,`uid`,`root`,`attach`,`comment`,`extend`,`update_time`,`status`,`position`) VALUES ('','0','','0','1443507310','1','0','0','0','4','0','39','1','0','0','0','0','1443507310','3','0') [ RunTime:0.0003s ]
SQL: SHOW COLUMNS FROM `xh_document_project` [ RunTime:0.0021s ]
SQL: INSERT INTO `xh_document_project` (`p_status`,`content`,`id`) VALUES ('3','<div id=\"xunlei_com_thunder_helper_plugin_d462f475-c18e-46be-bd10-327458d045bd\">
</div>','6') [ RunTime:0.0014s ]

[ 2015-09-29T14:16:11+08:00 ] ::1 /xihu/admin.php?s=/article/autoSave.html
INFO: [ app_init ] --START--
INFO: Run Behavior\BuildLiteBehavior [ RunTime:0.000024s ]
INFO: Run Common\Behavior\InitHookBehavior [ RunTime:0.000914s ]
INFO: [ app_init ] --END-- [ RunTime:0.001318s ]
INFO: [ app_begin ] --START--
INFO: Run Behavior\ReadHtmlCacheBehavior [ RunTime:0.000332s ]
INFO: [ app_begin ] --END-- [ RunTime:0.000400s ]
SQL: SHOW COLUMNS FROM `xh_menu` [ RunTime:0.0021s ]
SQL: SELECT `id`,`title`,`url` FROM `xh_menu` WHERE `pid` = 0 AND `hide` = 0 ORDER BY sort asc  [ RunTime:0.0004s ]
SQL: SELECT `pid` FROM `xh_menu` WHERE ( pid !=0 AND url like '%Article/autoSave%' ) LIMIT 1   [ RunTime:0.0003s ]
SQL: SELECT * FROM `xh_menu` WHERE `id` = 3 LIMIT 1   [ RunTime:0.0002s ]
SQL: SELECT * FROM `xh_menu` WHERE `id` = 2 LIMIT 1   [ RunTime:0.0002s ]
SQL: SELECT DISTINCT  `group` FROM `xh_menu` WHERE `group` <> '' AND `pid` = 2  [ RunTime:0.0003s ]
SQL: SELECT `id`,`url` FROM `xh_menu` WHERE `pid` = 2 AND `hide` = 0  [ RunTime:0.0002s ]
SQL: SELECT `id`,`pid`,`title`,`url`,`tip` FROM `xh_menu` WHERE `group` = '内容' AND `pid` = 2 AND `hide` = 0 ORDER BY sort asc  [ RunTime:0.0002s ]
SQL: SHOW COLUMNS FROM `xh_document` [ RunTime:0.0036s ]
NOTIC: [8] Undefined index: name /Users/zhuang/www/xihu/ThinkPHP/Library/Think/Model.class.php 第 1204 行.
NOTIC: [8] Undefined index: name /Users/zhuang/www/xihu/ThinkPHP/Library/Think/Model.class.php 第 1204 行.
SQL: SELECT `status` FROM `xh_document` WHERE `id` = 6 LIMIT 1   [ RunTime:0.0003s ]
SQL: UPDATE `xh_document` SET `title`='',`cover_id`='0',`description`='',`link_id`='0',`create_time`='1443507371',`display`='1',`view`='0',`pid`='0',`model_id`='4',`group_id`='0',`category_id`='39',`root`='0',`update_time`='1443507371',`status`='3',`position`='0' WHERE `id` = 6 [ RunTime:0.0003s ]
SQL: SHOW COLUMNS FROM `xh_document_project` [ RunTime:0.0023s ]
NOTIC: [8] Undefined variable: id /Users/zhuang/www/xihu/Application/Admin/Model/DocumentModel.class.php 第 376 行.
SQL: UPDATE `xh_document_project` SET `p_status`='3',`content`='<div id=\"xunlei_com_thunder_helper_plugin_d462f475-c18e-46be-bd10-327458d045bd\">
</div>' WHERE `id` = 6 [ RunTime:0.0002s ]

[ 2015-09-29T14:17:19+08:00 ] ::1 /xihu/admin.php?s=/article/autoSave.html
INFO: [ app_init ] --START--
INFO: Run Behavior\BuildLiteBehavior [ RunTime:0.000027s ]
INFO: Run Common\Behavior\InitHookBehavior [ RunTime:0.000933s ]
INFO: [ app_init ] --END-- [ RunTime:0.001345s ]
INFO: [ app_begin ] --START--
INFO: Run Behavior\ReadHtmlCacheBehavior [ RunTime:0.000340s ]
INFO: [ app_begin ] --END-- [ RunTime:0.000407s ]
SQL: SHOW COLUMNS FROM `xh_menu` [ RunTime:0.0025s ]
SQL: SELECT `id`,`title`,`url` FROM `xh_menu` WHERE `pid` = 0 AND `hide` = 0 ORDER BY sort asc  [ RunTime:0.0005s ]
SQL: SELECT `pid` FROM `xh_menu` WHERE ( pid !=0 AND url like '%Article/autoSave%' ) LIMIT 1   [ RunTime:0.0004s ]
SQL: SELECT * FROM `xh_menu` WHERE `id` = 3 LIMIT 1   [ RunTime:0.0003s ]
SQL: SELECT * FROM `xh_menu` WHERE `id` = 2 LIMIT 1   [ RunTime:0.0003s ]
SQL: SELECT DISTINCT  `group` FROM `xh_menu` WHERE `group` <> '' AND `pid` = 2  [ RunTime:0.0003s ]
SQL: SELECT `id`,`url` FROM `xh_menu` WHERE `pid` = 2 AND `hide` = 0  [ RunTime:0.0002s ]
SQL: SELECT `id`,`pid`,`title`,`url`,`tip` FROM `xh_menu` WHERE `group` = '内容' AND `pid` = 2 AND `hide` = 0 ORDER BY sort asc  [ RunTime:0.0003s ]
SQL: SHOW COLUMNS FROM `xh_document` [ RunTime:0.0023s ]
NOTIC: [8] Undefined index: name /Users/zhuang/www/xihu/ThinkPHP/Library/Think/Model.class.php 第 1204 行.
NOTIC: [8] Undefined index: name /Users/zhuang/www/xihu/ThinkPHP/Library/Think/Model.class.php 第 1204 行.
SQL: SELECT `status` FROM `xh_document` WHERE `id` = 6 LIMIT 1   [ RunTime:0.0002s ]
SQL: UPDATE `xh_document` SET `title`='',`cover_id`='0',`description`='',`link_id`='0',`create_time`='1443507439',`display`='1',`view`='0',`pid`='0',`model_id`='4',`group_id`='0',`category_id`='39',`root`='0',`update_time`='1443507439',`status`='3',`position`='0' WHERE `id` = 6 [ RunTime:0.0003s ]
SQL: SHOW COLUMNS FROM `xh_document_project` [ RunTime:0.0021s ]
NOTIC: [8] Undefined variable: id /Users/zhuang/www/xihu/Application/Admin/Model/DocumentModel.class.php 第 376 行.
SQL: UPDATE `xh_document_project` SET `p_status`='3',`content`='<div id=\"xunlei_com_thunder_helper_plugin_d462f475-c18e-46be-bd10-327458d045bd\">
</div>' WHERE `id` = 6 [ RunTime:0.0003s ]

[ 2015-09-29T14:17:35+08:00 ] ::1 /xihu/admin.php?s=/Addons/index.html
INFO: [ app_init ] --START--
INFO: Run Behavior\BuildLiteBehavior [ RunTime:0.000033s ]
INFO: Run Common\Behavior\InitHookBehavior [ RunTime:0.001586s ]
INFO: [ app_init ] --END-- [ RunTime:0.002213s ]
INFO: [ app_begin ] --START--
INFO: Run Behavior\ReadHtmlCacheBehavior [ RunTime:0.000750s ]
INFO: [ app_begin ] --END-- [ RunTime:0.000872s ]
SQL: SHOW COLUMNS FROM `xh_addons` [ RunTime:0.0049s ]
SQL: SELECT `title`,`name` FROM `xh_addons` WHERE ( status=1 AND has_adminlist=1 )  [ RunTime:0.0010s ]

[ 2015-09-29T14:17:38+08:00 ] ::1 /xihu/admin.php?s=/Config/group.html
INFO: [ app_init ] --START--
INFO: Run Behavior\BuildLiteBehavior [ RunTime:0.000074s ]
INFO: Run Common\Behavior\InitHookBehavior [ RunTime:0.001791s ]
INFO: [ app_init ] --END-- [ RunTime:0.002776s ]
INFO: [ app_begin ] --START--
INFO: Run Behavior\ReadHtmlCacheBehavior [ RunTime:0.000690s ]
INFO: [ app_begin ] --END-- [ RunTime:0.000845s ]

[ 2015-09-29T14:17:39+08:00 ] ::1 /xihu/admin.php?s=/Model/index.html
INFO: [ app_init ] --START--
INFO: Run Behavior\BuildLiteBehavior [ RunTime:0.000018s ]
INFO: Run Common\Behavior\InitHookBehavior [ RunTime:0.000876s ]
INFO: [ app_init ] --END-- [ RunTime:0.001178s ]
INFO: [ app_begin ] --START--
INFO: Run Behavior\ReadHtmlCacheBehavior [ RunTime:0.000275s ]
INFO: [ app_begin ] --END-- [ RunTime:0.000380s ]

[ 2015-09-29T14:17:43+08:00 ] ::1 /xihu/admin.php?s=/model/edit/id/4.html
INFO: [ app_init ] --START--
INFO: Run Behavior\BuildLiteBehavior [ RunTime:0.000016s ]
INFO: Run Common\Behavior\InitHookBehavior [ RunTime:0.000800s ]
INFO: [ app_init ] --END-- [ RunTime:0.001066s ]
INFO: [ app_begin ] --START--
INFO: Run Behavior\ReadHtmlCacheBehavior [ RunTime:0.000266s ]
INFO: [ app_begin ] --END-- [ RunTime:0.000337s ]

[ 2015-09-29T14:17:52+08:00 ] ::1 /xihu/admin.php?s=/Attribute/index/model_id/4.html
INFO: [ app_init ] --START--
INFO: Run Behavior\BuildLiteBehavior [ RunTime:0.000035s ]
INFO: Run Common\Behavior\InitHookBehavior [ RunTime:0.001893s ]
INFO: [ app_init ] --END-- [ RunTime:0.002493s ]
INFO: [ app_begin ] --START--
INFO: Run Behavior\ReadHtmlCacheBehavior [ RunTime:0.000973s ]
INFO: [ app_begin ] --END-- [ RunTime:0.001216s ]

[ 2015-09-29T14:17:55+08:00 ] ::1 /xihu/admin.php?s=/Attribute/edit/id/37.html
INFO: [ app_init ] --START--
INFO: Run Behavior\BuildLiteBehavior [ RunTime:0.000016s ]
INFO: Run Common\Behavior\InitHookBehavior [ RunTime:0.000718s ]
INFO: [ app_init ] --END-- [ RunTime:0.000983s ]
INFO: [ app_begin ] --START--
INFO: Run Behavior\ReadHtmlCacheBehavior [ RunTime:0.000246s ]
INFO: [ app_begin ] --END-- [ RunTime:0.000312s ]

[ 2015-09-29T14:17:58+08:00 ] ::1 /xihu/admin.php?s=/Attribute/add/model_id/4.html
INFO: [ app_init ] --START--
INFO: Run Behavior\BuildLiteBehavior [ RunTime:0.000025s ]
INFO: Run Common\Behavior\InitHookBehavior [ RunTime:0.001492s ]
INFO: [ app_init ] --END-- [ RunTime:0.001963s ]
INFO: [ app_begin ] --START--
INFO: Run Behavior\ReadHtmlCacheBehavior [ RunTime:0.000604s ]
INFO: [ app_begin ] --END-- [ RunTime:0.000851s ]

