[ 2015-09-22T13:06:29+08:00 ] ::1 /xihu/install.php
INFO: [ app_init ] --START--
INFO: Run Behavior\BuildLiteBehavior [ RunTime:0.000028s ]
INFO: Run Common\Behavior\InitHookBehavior [ RunTime:0.000384s ]
INFO: [ app_init ] --END-- [ RunTime:0.001741s ]
INFO: [ app_begin ] --START--
INFO: Run Behavior\ReadHtmlCacheBehavior [ RunTime:0.000335s ]
INFO: [ app_begin ] --END-- [ RunTime:0.000409s ]
INFO: [ view_parse ] --START--
INFO: [ template_filter ] --START--
INFO: Run Behavior\ContentReplaceBehavior [ RunTime:0.000249s ]
INFO: [ template_filter ] --END-- [ RunTime:0.000424s ]
NOTIC: [8] Undefined index: update /Users/zhuang/www/xihu/Runtime/Cache/Install/c6bbce5b1f1dcf027c8ceb5cf5141b65.php 第 41 行.
INFO: Run Behavior\ParseTemplateBehavior [ RunTime:0.013431s ]
INFO: [ view_parse ] --END-- [ RunTime:0.013533s ]
INFO: [ view_filter ] --START--
INFO: Run Behavior\WriteHtmlCacheBehavior [ RunTime:0.000290s ]
INFO: [ view_filter ] --END-- [ RunTime:0.000366s ]
INFO: [ app_end ] --START--
INFO: Run Behavior\ShowPageTraceBehavior [ RunTime:0.000418s ]
INFO: [ app_end ] --END-- [ RunTime:0.000488s ]

[ 2015-09-22T13:07:18+08:00 ] ::1 /xihu/install.php?s=/install/step1.html
INFO: [ app_init ] --START--
INFO: Run Behavior\BuildLiteBehavior [ RunTime:0.000029s ]
INFO: Run Common\Behavior\InitHookBehavior [ RunTime:0.000511s ]
INFO: [ app_init ] --END-- [ RunTime:0.000792s ]
INFO: [ app_begin ] --START--
INFO: Run Behavior\ReadHtmlCacheBehavior [ RunTime:0.000492s ]
INFO: [ app_begin ] --END-- [ RunTime:0.000613s ]
NOTIC: [2] is_dir() expects parameter 1 to be a valid path, array given /Users/zhuang/www/xihu/Application/Install/Common/function.php 第 75 行.
NOTIC: [2] is_dir() expects parameter 1 to be a valid path, array given /Users/zhuang/www/xihu/Application/Install/Common/function.php 第 75 行.
NOTIC: [2] is_dir() expects parameter 1 to be a valid path, array given /Users/zhuang/www/xihu/Application/Install/Common/function.php 第 75 行.
NOTIC: [2] is_dir() expects parameter 1 to be a valid path, array given /Users/zhuang/www/xihu/Application/Install/Common/function.php 第 75 行.
NOTIC: [2] is_dir() expects parameter 1 to be a valid path, array given /Users/zhuang/www/xihu/Application/Install/Common/function.php 第 75 行.
INFO: [ view_parse ] --START--
INFO: [ template_filter ] --START--
INFO: Run Behavior\ContentReplaceBehavior [ RunTime:0.000065s ]
INFO: [ template_filter ] --END-- [ RunTime:0.000139s ]
NOTIC: [8] Undefined index: update /Users/zhuang/www/xihu/Runtime/Cache/Install/1afb52484deba53b245c0d598473848f.php 第 41 行.
INFO: Run Behavior\ParseTemplateBehavior [ RunTime:0.009785s ]
INFO: [ view_parse ] --END-- [ RunTime:0.009863s ]
INFO: [ view_filter ] --START--
INFO: Run Behavior\WriteHtmlCacheBehavior [ RunTime:0.000145s ]
INFO: [ view_filter ] --END-- [ RunTime:0.000207s ]
INFO: [ app_end ] --START--
INFO: Run Behavior\ShowPageTraceBehavior [ RunTime:0.000324s ]
INFO: [ app_end ] --END-- [ RunTime:0.000391s ]

[ 2015-09-22T13:07:42+08:00 ] ::1 /xihu/install.php?s=/install/step1.html
INFO: [ app_init ] --START--
INFO: Run Behavior\BuildLiteBehavior [ RunTime:0.000033s ]
INFO: Run Common\Behavior\InitHookBehavior [ RunTime:0.001015s ]
INFO: [ app_init ] --END-- [ RunTime:0.001455s ]
INFO: [ app_begin ] --START--
INFO: Run Behavior\ReadHtmlCacheBehavior [ RunTime:0.000970s ]
INFO: [ app_begin ] --END-- [ RunTime:0.001153s ]
NOTIC: [2] is_dir() expects parameter 1 to be a valid path, array given /Users/zhuang/www/xihu/Application/Install/Common/function.php 第 75 行.
NOTIC: [2] is_dir() expects parameter 1 to be a valid path, array given /Users/zhuang/www/xihu/Application/Install/Common/function.php 第 75 行.
NOTIC: [2] is_dir() expects parameter 1 to be a valid path, array given /Users/zhuang/www/xihu/Application/Install/Common/function.php 第 75 行.
NOTIC: [2] is_dir() expects parameter 1 to be a valid path, array given /Users/zhuang/www/xihu/Application/Install/Common/function.php 第 75 行.
NOTIC: [2] is_dir() expects parameter 1 to be a valid path, array given /Users/zhuang/www/xihu/Application/Install/Common/function.php 第 75 行.
INFO: [ view_parse ] --START--
INFO: [ template_filter ] --START--
INFO: Run Behavior\ContentReplaceBehavior [ RunTime:0.000180s ]
INFO: [ template_filter ] --END-- [ RunTime:0.000381s ]
NOTIC: [8] Undefined index: update /Users/zhuang/www/xihu/Runtime/Cache/Install/1afb52484deba53b245c0d598473848f.php 第 41 行.
INFO: Run Behavior\ParseTemplateBehavior [ RunTime:0.014704s ]
INFO: [ view_parse ] --END-- [ RunTime:0.014790s ]
INFO: [ view_filter ] --START--
INFO: Run Behavior\WriteHtmlCacheBehavior [ RunTime:0.000129s ]
INFO: [ view_filter ] --END-- [ RunTime:0.000192s ]
INFO: [ app_end ] --START--
INFO: Run Behavior\ShowPageTraceBehavior [ RunTime:0.000305s ]
INFO: [ app_end ] --END-- [ RunTime:0.000381s ]

[ 2015-09-22T13:08:06+08:00 ] ::1 /xihu/install.php?s=/install/step1.html
INFO: [ app_init ] --START--
INFO: Run Behavior\BuildLiteBehavior [ RunTime:0.000022s ]
INFO: Run Common\Behavior\InitHookBehavior [ RunTime:0.000286s ]
INFO: [ app_init ] --END-- [ RunTime:0.000470s ]
INFO: [ app_begin ] --START--
INFO: Run Behavior\ReadHtmlCacheBehavior [ RunTime:0.000429s ]
INFO: [ app_begin ] --END-- [ RunTime:0.000599s ]
NOTIC: [2] is_dir() expects parameter 1 to be a valid path, array given /Users/zhuang/www/xihu/Application/Install/Common/function.php 第 75 行.
NOTIC: [2] is_dir() expects parameter 1 to be a valid path, array given /Users/zhuang/www/xihu/Application/Install/Common/function.php 第 75 行.
NOTIC: [2] is_dir() expects parameter 1 to be a valid path, array given /Users/zhuang/www/xihu/Application/Install/Common/function.php 第 75 行.
NOTIC: [2] is_dir() expects parameter 1 to be a valid path, array given /Users/zhuang/www/xihu/Application/Install/Common/function.php 第 75 行.
NOTIC: [2] is_dir() expects parameter 1 to be a valid path, array given /Users/zhuang/www/xihu/Application/Install/Common/function.php 第 75 行.
INFO: [ view_parse ] --START--
INFO: [ template_filter ] --START--
INFO: Run Behavior\ContentReplaceBehavior [ RunTime:0.000312s ]
INFO: [ template_filter ] --END-- [ RunTime:0.000558s ]
NOTIC: [8] Undefined index: update /Users/zhuang/www/xihu/Runtime/Cache/Install/1afb52484deba53b245c0d598473848f.php 第 41 行.
INFO: Run Behavior\ParseTemplateBehavior [ RunTime:0.013916s ]
INFO: [ view_parse ] --END-- [ RunTime:0.014032s ]
INFO: [ view_filter ] --START--
INFO: Run Behavior\WriteHtmlCacheBehavior [ RunTime:0.000320s ]
INFO: [ view_filter ] --END-- [ RunTime:0.000480s ]
INFO: [ app_end ] --START--
INFO: Run Behavior\ShowPageTraceBehavior [ RunTime:0.000496s ]
INFO: [ app_end ] --END-- [ RunTime:0.000608s ]

[ 2015-09-22T13:09:20+08:00 ] ::1 /xihu/install.php?s=/install/step1.html
INFO: [ app_init ] --START--
INFO: Run Behavior\BuildLiteBehavior [ RunTime:0.000019s ]
INFO: Run Common\Behavior\InitHookBehavior [ RunTime:0.000270s ]
INFO: [ app_init ] --END-- [ RunTime:0.000413s ]
INFO: [ app_begin ] --START--
INFO: Run Behavior\ReadHtmlCacheBehavior [ RunTime:0.000324s ]
INFO: [ app_begin ] --END-- [ RunTime:0.000403s ]
NOTIC: [2] is_dir() expects parameter 1 to be a valid path, array given /Users/zhuang/www/xihu/Application/Install/Common/function.php 第 75 行.
NOTIC: [2] is_dir() expects parameter 1 to be a valid path, array given /Users/zhuang/www/xihu/Application/Install/Common/function.php 第 75 行.
INFO: [ view_parse ] --START--
INFO: [ template_filter ] --START--
INFO: Run Behavior\ContentReplaceBehavior [ RunTime:0.000058s ]
INFO: [ template_filter ] --END-- [ RunTime:0.000136s ]
NOTIC: [8] Undefined index: update /Users/zhuang/www/xihu/Runtime/Cache/Install/1afb52484deba53b245c0d598473848f.php 第 41 行.
INFO: Run Behavior\ParseTemplateBehavior [ RunTime:0.009236s ]
INFO: [ view_parse ] --END-- [ RunTime:0.009312s ]
INFO: [ view_filter ] --START--
INFO: Run Behavior\WriteHtmlCacheBehavior [ RunTime:0.000126s ]
INFO: [ view_filter ] --END-- [ RunTime:0.000193s ]
INFO: [ app_end ] --START--
INFO: Run Behavior\ShowPageTraceBehavior [ RunTime:0.000561s ]
INFO: [ app_end ] --END-- [ RunTime:0.000665s ]

[ 2015-09-22T15:58:15+08:00 ] ::1 /xihu/install.php?s=/install/step1.html
INFO: [ app_init ] --START--
INFO: Run Behavior\BuildLiteBehavior [ RunTime:0.000023s ]
INFO: Run Common\Behavior\InitHookBehavior [ RunTime:0.003106s ]
INFO: [ app_init ] --END-- [ RunTime:0.003332s ]
INFO: [ app_begin ] --START--
INFO: Run Behavior\ReadHtmlCacheBehavior [ RunTime:0.001657s ]
INFO: [ app_begin ] --END-- [ RunTime:0.001778s ]
NOTIC: [2] is_dir() expects parameter 1 to be a valid path, array given /Users/zhuang/www/xihu/Application/Install/Common/function.php 第 75 行.
NOTIC: [2] is_dir() expects parameter 1 to be a valid path, array given /Users/zhuang/www/xihu/Application/Install/Common/function.php 第 75 行.
INFO: [ view_parse ] --START--
INFO: [ template_filter ] --START--
INFO: Run Behavior\ContentReplaceBehavior [ RunTime:0.000075s ]
INFO: [ template_filter ] --END-- [ RunTime:0.000165s ]
NOTIC: [8] Undefined index: update /Users/zhuang/www/xihu/Runtime/Cache/Install/1afb52484deba53b245c0d598473848f.php 第 41 行.
INFO: Run Behavior\ParseTemplateBehavior [ RunTime:0.022968s ]
INFO: [ view_parse ] --END-- [ RunTime:0.023143s ]
INFO: [ view_filter ] --START--
INFO: Run Behavior\WriteHtmlCacheBehavior [ RunTime:0.000819s ]
INFO: [ view_filter ] --END-- [ RunTime:0.000899s ]
INFO: [ app_end ] --START--
INFO: Run Behavior\ShowPageTraceBehavior [ RunTime:0.002026s ]
INFO: [ app_end ] --END-- [ RunTime:0.002119s ]

[ 2015-09-22T15:58:30+08:00 ] ::1 /xihu/install.php?s=/install/step2.html
INFO: [ app_init ] --START--
INFO: Run Behavior\BuildLiteBehavior [ RunTime:0.000049s ]
INFO: Run Common\Behavior\InitHookBehavior [ RunTime:0.001730s ]
INFO: [ app_init ] --END-- [ RunTime:0.002474s ]
INFO: [ app_begin ] --START--
INFO: Run Behavior\ReadHtmlCacheBehavior [ RunTime:0.000383s ]
INFO: [ app_begin ] --END-- [ RunTime:0.000483s ]
INFO: [ view_parse ] --START--
INFO: [ template_filter ] --START--
INFO: Run Behavior\ContentReplaceBehavior [ RunTime:0.000084s ]
INFO: [ template_filter ] --END-- [ RunTime:0.000211s ]
INFO: Run Behavior\ParseTemplateBehavior [ RunTime:0.009050s ]
INFO: [ view_parse ] --END-- [ RunTime:0.009284s ]
INFO: [ view_filter ] --START--
INFO: Run Behavior\WriteHtmlCacheBehavior [ RunTime:0.000676s ]
INFO: [ view_filter ] --END-- [ RunTime:0.000822s ]

